{"/Users/andeladeveloper/Documents/mynewsfeedapp/src/index.js": {"path":"/Users/andeladeveloper/Documents/mynewsfeedapp/src/index.js","statementMap":{"0":{"start":{"line":1,"column":58},"end":{"line":1,"column":119}}},"fnMap":{},"branchMap":{},"s":{"0":0},"f":{},"b":{}}
,"/Users/andeladeveloper/Documents/mynewsfeedapp/src/actions/AppActions.js": {"path":"/Users/andeladeveloper/Documents/mynewsfeedapp/src/actions/AppActions.js","statementMap":{"0":{"start":{"line":8,"column":19},"end":{"line":58,"column":1}},"1":{"start":{"line":10,"column":4},"end":{"line":10,"column":21}},"2":{"start":{"line":11,"column":4},"end":{"line":11,"column":35}},"3":{"start":{"line":12,"column":4},"end":{"line":14,"column":5}},"4":{"start":{"line":13,"column":6},"end":{"line":13,"column":39}},"5":{"start":{"line":15,"column":4},"end":{"line":34,"column":7}},"6":{"start":{"line":16,"column":24},"end":{"line":16,"column":43}},"7":{"start":{"line":17,"column":25},"end":{"line":17,"column":41}},"8":{"start":{"line":18,"column":6},"end":{"line":33,"column":7}},"9":{"start":{"line":19,"column":25},"end":{"line":19,"column":44}},"10":{"start":{"line":20,"column":8},"end":{"line":28,"column":11}},"11":{"start":{"line":21,"column":10},"end":{"line":27,"column":10}},"12":{"start":{"line":29,"column":8},"end":{"line":32,"column":11}},"13":{"start":{"line":38,"column":4},"end":{"line":38,"column":21}},"14":{"start":{"line":39,"column":24},"end":{"line":39,"column":46}},"15":{"start":{"line":40,"column":4},"end":{"line":56,"column":7}},"16":{"start":{"line":41,"column":6},"end":{"line":55,"column":7}},"17":{"start":{"line":42,"column":23},"end":{"line":42,"column":39}},"18":{"start":{"line":43,"column":24},"end":{"line":43,"column":38}},"19":{"start":{"line":44,"column":8},"end":{"line":50,"column":11}},"20":{"start":{"line":45,"column":10},"end":{"line":49,"column":47}},"21":{"start":{"line":51,"column":8},"end":{"line":54,"column":11}}},"fnMap":{"0":{"name":"(anonymous_0)","decl":{"start":{"line":9,"column":11},"end":{"line":9,"column":12}},"loc":{"start":{"line":9,"column":40},"end":{"line":35,"column":3}},"line":9},"1":{"name":"(anonymous_1)","decl":{"start":{"line":15,"column":27},"end":{"line":15,"column":28}},"loc":{"start":{"line":15,"column":54},"end":{"line":34,"column":5}},"line":15},"2":{"name":"(anonymous_2)","decl":{"start":{"line":20,"column":25},"end":{"line":20,"column":26}},"loc":{"start":{"line":20,"column":38},"end":{"line":28,"column":9}},"line":20},"3":{"name":"(anonymous_3)","decl":{"start":{"line":37,"column":14},"end":{"line":37,"column":15}},"loc":{"start":{"line":37,"column":20},"end":{"line":57,"column":3}},"line":37},"4":{"name":"(anonymous_4)","decl":{"start":{"line":40,"column":25},"end":{"line":40,"column":26}},"loc":{"start":{"line":40,"column":52},"end":{"line":56,"column":5}},"line":40},"5":{"name":"(anonymous_5)","decl":{"start":{"line":44,"column":24},"end":{"line":44,"column":25}},"loc":{"start":{"line":44,"column":36},"end":{"line":50,"column":9}},"line":44}},"branchMap":{"0":{"loc":{"start":{"line":9,"column":20},"end":{"line":9,"column":35}},"type":"default-arg","locations":[{"start":{"line":9,"column":31},"end":{"line":9,"column":35}}],"line":9},"1":{"loc":{"start":{"line":12,"column":4},"end":{"line":14,"column":5}},"type":"if","locations":[{"start":{"line":12,"column":4},"end":{"line":14,"column":5}},{"start":{"line":12,"column":4},"end":{"line":14,"column":5}}],"line":12},"2":{"loc":{"start":{"line":18,"column":6},"end":{"line":33,"column":7}},"type":"if","locations":[{"start":{"line":18,"column":6},"end":{"line":33,"column":7}},{"start":{"line":18,"column":6},"end":{"line":33,"column":7}}],"line":18},"3":{"loc":{"start":{"line":41,"column":6},"end":{"line":55,"column":7}},"type":"if","locations":[{"start":{"line":41,"column":6},"end":{"line":55,"column":7}},{"start":{"line":41,"column":6},"end":{"line":55,"column":7}}],"line":41}},"s":{"0":1,"1":0,"2":0,"3":0,"4":0,"5":0,"6":0,"7":0,"8":0,"9":0,"10":0,"11":0,"12":0,"13":0,"14":0,"15":0,"16":0,"17":0,"18":0,"19":0,"20":0,"21":0},"f":{"0":0,"1":0,"2":0,"3":0,"4":0,"5":0},"b":{"0":[0],"1":[0,0],"2":[0,0],"3":[0,0]},"_coverageSchema":"332fd63041d2c1bcb487cc26dd0d5f7d97098a6c","hash":"b08d5aa258dc2c3e422e0b0a40fd2709e31ff120"}
,"/Users/andeladeveloper/Documents/mynewsfeedapp/src/constants/AppConstants.js": {"path":"/Users/andeladeveloper/Documents/mynewsfeedapp/src/constants/AppConstants.js","statementMap":{"0":{"start":{"line":1,"column":19},"end":{"line":4,"column":1}}},"fnMap":{},"branchMap":{},"s":{"0":1},"f":{},"b":{},"_coverageSchema":"332fd63041d2c1bcb487cc26dd0d5f7d97098a6c","hash":"ce044c39b13c94d09f423351d90fc9abaee093cf"}
,"/Users/andeladeveloper/Documents/mynewsfeedapp/src/controllers/App.js": {"path":"/Users/andeladeveloper/Documents/mynewsfeedapp/src/controllers/App.js","statementMap":{"0":{"start":{"line":12,"column":4},"end":{"line":12,"column":12}},"1":{"start":{"line":13,"column":4},"end":{"line":13,"column":51}},"2":{"start":{"line":17,"column":27},"end":{"line":17,"column":37}},"3":{"start":{"line":18,"column":4},"end":{"line":27,"column":6}},"4":{"start":{"line":21,"column":46},"end":{"line":21,"column":70}},"5":{"start":{"line":22,"column":54},"end":{"line":22,"column":105}},"6":{"start":{"line":24,"column":52},"end":{"line":24,"column":74}}},"fnMap":{"0":{"name":"(anonymous_0)","decl":{"start":{"line":11,"column":2},"end":{"line":11,"column":3}},"loc":{"start":{"line":11,"column":16},"end":{"line":14,"column":3}},"line":11},"1":{"name":"(anonymous_1)","decl":{"start":{"line":16,"column":2},"end":{"line":16,"column":3}},"loc":{"start":{"line":16,"column":11},"end":{"line":28,"column":3}},"line":16},"2":{"name":"(anonymous_2)","decl":{"start":{"line":21,"column":40},"end":{"line":21,"column":41}},"loc":{"start":{"line":21,"column":46},"end":{"line":21,"column":70}},"line":21},"3":{"name":"(anonymous_3)","decl":{"start":{"line":22,"column":48},"end":{"line":22,"column":49}},"loc":{"start":{"line":22,"column":54},"end":{"line":22,"column":105}},"line":22},"4":{"name":"(anonymous_4)","decl":{"start":{"line":24,"column":46},"end":{"line":24,"column":47}},"loc":{"start":{"line":24,"column":52},"end":{"line":24,"column":74}},"line":24}},"branchMap":{},"s":{"0":0,"1":0,"2":0,"3":0,"4":0,"5":0,"6":0},"f":{"0":0,"1":0,"2":0,"3":0,"4":0},"b":{},"_coverageSchema":"332fd63041d2c1bcb487cc26dd0d5f7d97098a6c","hash":"ba4adc19167dc6db05e1ae89288af6067db1b28d"}
,"/Users/andeladeveloper/Documents/mynewsfeedapp/src/dispatcher/AppDispatcher.js": {"path":"/Users/andeladeveloper/Documents/mynewsfeedapp/src/dispatcher/AppDispatcher.js","statementMap":{"0":{"start":{"line":3,"column":0},"end":{"line":3,"column":34}}},"fnMap":{},"branchMap":{},"s":{"0":1},"f":{},"b":{},"_coverageSchema":"332fd63041d2c1bcb487cc26dd0d5f7d97098a6c","hash":"22f1c42d0d4c8fcc63ca8e9feaea77ab2e54553a"}
,"/Users/andeladeveloper/Documents/mynewsfeedapp/src/models/API.js": {"path":"/Users/andeladeveloper/Documents/mynewsfeedapp/src/models/API.js","statementMap":{"0":{"start":{"line":3,"column":4},"end":{"line":3,"column":96}},"1":{"start":{"line":4,"column":4},"end":{"line":4,"column":64}},"2":{"start":{"line":5,"column":4},"end":{"line":5,"column":32}},"3":{"start":{"line":9,"column":4},"end":{"line":9,"column":37}},"4":{"start":{"line":13,"column":4},"end":{"line":13,"column":32}},"5":{"start":{"line":17,"column":4},"end":{"line":17,"column":21}}},"fnMap":{"0":{"name":"(anonymous_0)","decl":{"start":{"line":2,"column":2},"end":{"line":2,"column":3}},"loc":{"start":{"line":2,"column":16},"end":{"line":6,"column":3}},"line":2},"1":{"name":"(anonymous_1)","decl":{"start":{"line":8,"column":2},"end":{"line":8,"column":3}},"loc":{"start":{"line":8,"column":24},"end":{"line":10,"column":3}},"line":8},"2":{"name":"(anonymous_2)","decl":{"start":{"line":12,"column":2},"end":{"line":12,"column":3}},"loc":{"start":{"line":12,"column":15},"end":{"line":14,"column":3}},"line":12},"3":{"name":"(anonymous_3)","decl":{"start":{"line":16,"column":2},"end":{"line":16,"column":3}},"loc":{"start":{"line":16,"column":12},"end":{"line":18,"column":3}},"line":16}},"branchMap":{},"s":{"0":1,"1":1,"2":1,"3":0,"4":0,"5":0},"f":{"0":1,"1":0,"2":0,"3":0},"b":{},"_coverageSchema":"332fd63041d2c1bcb487cc26dd0d5f7d97098a6c","hash":"aaef6cfaab7d325fec9ab10e14c0d2f6e39b62a8"}
,"/Users/andeladeveloper/Documents/mynewsfeedapp/src/models/Collections.js": {"path":"/Users/andeladeveloper/Documents/mynewsfeedapp/src/models/Collections.js","statementMap":{"0":{"start":{"line":6,"column":4},"end":{"line":6,"column":23}},"1":{"start":{"line":7,"column":4},"end":{"line":7,"column":24}},"2":{"start":{"line":8,"column":4},"end":{"line":8,"column":44}},"3":{"start":{"line":9,"column":4},"end":{"line":14,"column":5}},"4":{"start":{"line":11,"column":6},"end":{"line":11,"column":34}},"5":{"start":{"line":13,"column":6},"end":{"line":13,"column":22}},"6":{"start":{"line":17,"column":15},"end":{"line":17,"column":40}},"7":{"start":{"line":18,"column":24},"end":{"line":18,"column":39}},"8":{"start":{"line":19,"column":4},"end":{"line":21,"column":7}},"9":{"start":{"line":20,"column":6},"end":{"line":20,"column":34}},"10":{"start":{"line":22,"column":4},"end":{"line":22,"column":23}},"11":{"start":{"line":25,"column":4},"end":{"line":25,"column":29}},"12":{"start":{"line":29,"column":4},"end":{"line":29,"column":40}},"13":{"start":{"line":33,"column":4},"end":{"line":33,"column":29}},"14":{"start":{"line":37,"column":4},"end":{"line":41,"column":5}},"15":{"start":{"line":38,"column":6},"end":{"line":38,"column":28}},"16":{"start":{"line":39,"column":6},"end":{"line":39,"column":22}},"17":{"start":{"line":40,"column":6},"end":{"line":40,"column":18}},"18":{"start":{"line":42,"column":4},"end":{"line":42,"column":17}},"19":{"start":{"line":46,"column":4},"end":{"line":49,"column":5}},"20":{"start":{"line":47,"column":6},"end":{"line":47,"column":27}},"21":{"start":{"line":48,"column":6},"end":{"line":48,"column":22}},"22":{"start":{"line":53,"column":16},"end":{"line":53,"column":18}},"23":{"start":{"line":54,"column":4},"end":{"line":56,"column":7}},"24":{"start":{"line":55,"column":6},"end":{"line":55,"column":23}},"25":{"start":{"line":57,"column":4},"end":{"line":57,"column":33}},"26":{"start":{"line":58,"column":4},"end":{"line":58,"column":24}},"27":{"start":{"line":61,"column":4},"end":{"line":61,"column":25}},"28":{"start":{"line":65,"column":4},"end":{"line":65,"column":26}}},"fnMap":{"0":{"name":"(anonymous_0)","decl":{"start":{"line":5,"column":2},"end":{"line":5,"column":3}},"loc":{"start":{"line":5,"column":21},"end":{"line":15,"column":3}},"line":5},"1":{"name":"(anonymous_1)","decl":{"start":{"line":16,"column":2},"end":{"line":16,"column":3}},"loc":{"start":{"line":16,"column":13},"end":{"line":23,"column":3}},"line":16},"2":{"name":"(anonymous_2)","decl":{"start":{"line":19,"column":24},"end":{"line":19,"column":25}},"loc":{"start":{"line":19,"column":34},"end":{"line":21,"column":5}},"line":19},"3":{"name":"(anonymous_3)","decl":{"start":{"line":24,"column":2},"end":{"line":24,"column":3}},"loc":{"start":{"line":24,"column":22},"end":{"line":26,"column":3}},"line":24},"4":{"name":"(anonymous_4)","decl":{"start":{"line":28,"column":2},"end":{"line":28,"column":3}},"loc":{"start":{"line":28,"column":19},"end":{"line":30,"column":3}},"line":28},"5":{"name":"(anonymous_5)","decl":{"start":{"line":32,"column":2},"end":{"line":32,"column":3}},"loc":{"start":{"line":32,"column":22},"end":{"line":34,"column":3}},"line":32},"6":{"name":"(anonymous_6)","decl":{"start":{"line":36,"column":2},"end":{"line":36,"column":3}},"loc":{"start":{"line":36,"column":22},"end":{"line":43,"column":3}},"line":36},"7":{"name":"(anonymous_7)","decl":{"start":{"line":45,"column":2},"end":{"line":45,"column":3}},"loc":{"start":{"line":45,"column":25},"end":{"line":50,"column":3}},"line":45},"8":{"name":"(anonymous_8)","decl":{"start":{"line":52,"column":2},"end":{"line":52,"column":3}},"loc":{"start":{"line":52,"column":13},"end":{"line":59,"column":3}},"line":52},"9":{"name":"(anonymous_9)","decl":{"start":{"line":54,"column":20},"end":{"line":54,"column":21}},"loc":{"start":{"line":54,"column":36},"end":{"line":56,"column":5}},"line":54},"10":{"name":"(anonymous_10)","decl":{"start":{"line":60,"column":2},"end":{"line":60,"column":3}},"loc":{"start":{"line":60,"column":13},"end":{"line":62,"column":3}},"line":60},"11":{"name":"(anonymous_11)","decl":{"start":{"line":64,"column":2},"end":{"line":64,"column":3}},"loc":{"start":{"line":64,"column":13},"end":{"line":66,"column":3}},"line":64}},"branchMap":{"0":{"loc":{"start":{"line":9,"column":4},"end":{"line":14,"column":5}},"type":"if","locations":[{"start":{"line":9,"column":4},"end":{"line":14,"column":5}},{"start":{"line":9,"column":4},"end":{"line":14,"column":5}}],"line":9},"1":{"loc":{"start":{"line":37,"column":4},"end":{"line":41,"column":5}},"type":"if","locations":[{"start":{"line":37,"column":4},"end":{"line":41,"column":5}},{"start":{"line":37,"column":4},"end":{"line":41,"column":5}}],"line":37},"2":{"loc":{"start":{"line":46,"column":4},"end":{"line":49,"column":5}},"type":"if","locations":[{"start":{"line":46,"column":4},"end":{"line":49,"column":5}},{"start":{"line":46,"column":4},"end":{"line":49,"column":5}}],"line":46}},"s":{"0":1,"1":1,"2":1,"3":1,"4":0,"5":1,"6":1,"7":1,"8":1,"9":0,"10":1,"11":1,"12":0,"13":0,"14":1,"15":1,"16":1,"17":1,"18":0,"19":0,"20":0,"21":0,"22":1,"23":1,"24":1,"25":1,"26":1,"27":1,"28":0},"f":{"0":1,"1":1,"2":0,"3":1,"4":0,"5":0,"6":1,"7":0,"8":1,"9":1,"10":1,"11":0},"b":{"0":[0,1],"1":[1,0],"2":[0,0]},"_coverageSchema":"332fd63041d2c1bcb487cc26dd0d5f7d97098a6c","hash":"46d2d23569ea7bc25314cd035b2ca58ff7ad0077"}
,"/Users/andeladeveloper/Documents/mynewsfeedapp/src/models/Favourites.js": {"path":"/Users/andeladeveloper/Documents/mynewsfeedapp/src/models/Favourites.js","statementMap":{"0":{"start":{"line":6,"column":4},"end":{"line":6,"column":17}},"1":{"start":{"line":7,"column":4},"end":{"line":7,"column":23}},"2":{"start":{"line":11,"column":4},"end":{"line":20,"column":5}},"3":{"start":{"line":12,"column":6},"end":{"line":16,"column":7}},"4":{"start":{"line":13,"column":8},"end":{"line":13,"column":75}},"5":{"start":{"line":14,"column":8},"end":{"line":14,"column":24}},"6":{"start":{"line":15,"column":8},"end":{"line":15,"column":20}},"7":{"start":{"line":18,"column":6},"end":{"line":18,"column":31}},"8":{"start":{"line":19,"column":6},"end":{"line":19,"column":59}},"9":{"start":{"line":21,"column":4},"end":{"line":21,"column":17}},"10":{"start":{"line":25,"column":15},"end":{"line":25,"column":56}},"11":{"start":{"line":26,"column":20},"end":{"line":26,"column":62}},"12":{"start":{"line":26,"column":34},"end":{"line":26,"column":60}},"13":{"start":{"line":27,"column":22},"end":{"line":27,"column":65}},"14":{"start":{"line":28,"column":4},"end":{"line":28,"column":32}},"15":{"start":{"line":32,"column":4},"end":{"line":39,"column":5}},"16":{"start":{"line":33,"column":20},"end":{"line":33,"column":66}},"17":{"start":{"line":34,"column":6},"end":{"line":38,"column":7}},"18":{"start":{"line":35,"column":8},"end":{"line":35,"column":50}},"19":{"start":{"line":36,"column":8},"end":{"line":36,"column":24}},"20":{"start":{"line":37,"column":8},"end":{"line":37,"column":20}},"21":{"start":{"line":40,"column":4},"end":{"line":40,"column":17}},"22":{"start":{"line":44,"column":16},"end":{"line":44,"column":17}},"23":{"start":{"line":45,"column":17},"end":{"line":45,"column":19}},"24":{"start":{"line":46,"column":4},"end":{"line":51,"column":7}},"25":{"start":{"line":47,"column":6},"end":{"line":49,"column":7}},"26":{"start":{"line":48,"column":8},"end":{"line":48,"column":23}},"27":{"start":{"line":50,"column":6},"end":{"line":50,"column":17}},"28":{"start":{"line":52,"column":4},"end":{"line":52,"column":18}}},"fnMap":{"0":{"name":"(anonymous_0)","decl":{"start":{"line":5,"column":2},"end":{"line":5,"column":3}},"loc":{"start":{"line":5,"column":21},"end":{"line":8,"column":3}},"line":5},"1":{"name":"(anonymous_1)","decl":{"start":{"line":10,"column":2},"end":{"line":10,"column":3}},"loc":{"start":{"line":10,"column":43},"end":{"line":22,"column":3}},"line":10},"2":{"name":"(anonymous_2)","decl":{"start":{"line":24,"column":2},"end":{"line":24,"column":3}},"loc":{"start":{"line":24,"column":31},"end":{"line":29,"column":3}},"line":24},"3":{"name":"(anonymous_3)","decl":{"start":{"line":26,"column":20},"end":{"line":26,"column":21}},"loc":{"start":{"line":26,"column":32},"end":{"line":26,"column":62}},"line":26},"4":{"name":"(anonymous_4)","decl":{"start":{"line":31,"column":2},"end":{"line":31,"column":3}},"loc":{"start":{"line":31,"column":34},"end":{"line":41,"column":3}},"line":31},"5":{"name":"(anonymous_5)","decl":{"start":{"line":43,"column":2},"end":{"line":43,"column":3}},"loc":{"start":{"line":43,"column":18},"end":{"line":53,"column":3}},"line":43},"6":{"name":"(anonymous_6)","decl":{"start":{"line":46,"column":16},"end":{"line":46,"column":17}},"loc":{"start":{"line":46,"column":26},"end":{"line":51,"column":5}},"line":46}},"branchMap":{"0":{"loc":{"start":{"line":11,"column":4},"end":{"line":20,"column":5}},"type":"if","locations":[{"start":{"line":11,"column":4},"end":{"line":20,"column":5}},{"start":{"line":11,"column":4},"end":{"line":20,"column":5}}],"line":11},"1":{"loc":{"start":{"line":12,"column":6},"end":{"line":16,"column":7}},"type":"if","locations":[{"start":{"line":12,"column":6},"end":{"line":16,"column":7}},{"start":{"line":12,"column":6},"end":{"line":16,"column":7}}],"line":12},"2":{"loc":{"start":{"line":32,"column":4},"end":{"line":39,"column":5}},"type":"if","locations":[{"start":{"line":32,"column":4},"end":{"line":39,"column":5}},{"start":{"line":32,"column":4},"end":{"line":39,"column":5}}],"line":32},"3":{"loc":{"start":{"line":34,"column":6},"end":{"line":38,"column":7}},"type":"if","locations":[{"start":{"line":34,"column":6},"end":{"line":38,"column":7}},{"start":{"line":34,"column":6},"end":{"line":38,"column":7}}],"line":34},"4":{"loc":{"start":{"line":47,"column":6},"end":{"line":49,"column":7}},"type":"if","locations":[{"start":{"line":47,"column":6},"end":{"line":49,"column":7}},{"start":{"line":47,"column":6},"end":{"line":49,"column":7}}],"line":47}},"s":{"0":1,"1":1,"2":0,"3":0,"4":0,"5":0,"6":0,"7":0,"8":0,"9":0,"10":0,"11":0,"12":0,"13":0,"14":0,"15":0,"16":0,"17":0,"18":0,"19":0,"20":0,"21":0,"22":0,"23":0,"24":0,"25":0,"26":0,"27":0,"28":0},"f":{"0":1,"1":0,"2":0,"3":0,"4":0,"5":0,"6":0},"b":{"0":[0,0],"1":[0,0],"2":[0,0],"3":[0,0],"4":[0,0]},"_coverageSchema":"332fd63041d2c1bcb487cc26dd0d5f7d97098a6c","hash":"3ac55be29d4e8b38c00fb9411a4f5ceb15600c57"}
,"/Users/andeladeveloper/Documents/mynewsfeedapp/src/models/news.js": {"path":"/Users/andeladeveloper/Documents/mynewsfeedapp/src/models/news.js","statementMap":{"0":{"start":{"line":5,"column":4},"end":{"line":5,"column":19}},"1":{"start":{"line":9,"column":4},"end":{"line":15,"column":7}},"2":{"start":{"line":19,"column":4},"end":{"line":19,"column":28}},"3":{"start":{"line":23,"column":15},"end":{"line":23,"column":53}},"4":{"start":{"line":24,"column":20},"end":{"line":24,"column":66}},"5":{"start":{"line":24,"column":34},"end":{"line":24,"column":64}},"6":{"start":{"line":25,"column":4},"end":{"line":25,"column":40}},"7":{"start":{"line":29,"column":4},"end":{"line":29,"column":21}}},"fnMap":{"0":{"name":"(anonymous_0)","decl":{"start":{"line":4,"column":2},"end":{"line":4,"column":3}},"loc":{"start":{"line":4,"column":16},"end":{"line":6,"column":3}},"line":4},"1":{"name":"(anonymous_1)","decl":{"start":{"line":8,"column":2},"end":{"line":8,"column":3}},"loc":{"start":{"line":8,"column":35},"end":{"line":16,"column":3}},"line":8},"2":{"name":"(anonymous_2)","decl":{"start":{"line":18,"column":2},"end":{"line":18,"column":3}},"loc":{"start":{"line":18,"column":10},"end":{"line":20,"column":3}},"line":18},"3":{"name":"(anonymous_3)","decl":{"start":{"line":22,"column":2},"end":{"line":22,"column":3}},"loc":{"start":{"line":22,"column":16},"end":{"line":26,"column":3}},"line":22},"4":{"name":"(anonymous_4)","decl":{"start":{"line":24,"column":20},"end":{"line":24,"column":21}},"loc":{"start":{"line":24,"column":32},"end":{"line":24,"column":66}},"line":24},"5":{"name":"(anonymous_5)","decl":{"start":{"line":28,"column":2},"end":{"line":28,"column":3}},"loc":{"start":{"line":28,"column":8},"end":{"line":30,"column":3}},"line":28}},"branchMap":{},"s":{"0":1,"1":3,"2":1,"3":2,"4":2,"5":6,"6":2,"7":2},"f":{"0":1,"1":3,"2":1,"3":2,"4":6,"5":2},"b":{},"_coverageSchema":"332fd63041d2c1bcb487cc26dd0d5f7d97098a6c","hash":"837e90fca78b28f734803640500a764de3f4fd0f"}
,"/Users/andeladeveloper/Documents/mynewsfeedapp/src/models/sources.js": {"path":"/Users/andeladeveloper/Documents/mynewsfeedapp/src/models/sources.js","statementMap":{"0":{"start":{"line":5,"column":4},"end":{"line":5,"column":22}},"1":{"start":{"line":9,"column":4},"end":{"line":15,"column":7}},"2":{"start":{"line":19,"column":15},"end":{"line":19,"column":52}},"3":{"start":{"line":20,"column":20},"end":{"line":20,"column":59}},"4":{"start":{"line":20,"column":34},"end":{"line":20,"column":57}},"5":{"start":{"line":21,"column":4},"end":{"line":21,"column":43}},"6":{"start":{"line":25,"column":4},"end":{"line":25,"column":24}},"7":{"start":{"line":29,"column":4},"end":{"line":29,"column":31}}},"fnMap":{"0":{"name":"(anonymous_0)","decl":{"start":{"line":4,"column":2},"end":{"line":4,"column":3}},"loc":{"start":{"line":4,"column":16},"end":{"line":6,"column":3}},"line":4},"1":{"name":"(anonymous_1)","decl":{"start":{"line":8,"column":2},"end":{"line":8,"column":3}},"loc":{"start":{"line":8,"column":28},"end":{"line":16,"column":3}},"line":8},"2":{"name":"(anonymous_2)","decl":{"start":{"line":18,"column":2},"end":{"line":18,"column":3}},"loc":{"start":{"line":18,"column":15},"end":{"line":22,"column":3}},"line":18},"3":{"name":"(anonymous_3)","decl":{"start":{"line":20,"column":20},"end":{"line":20,"column":21}},"loc":{"start":{"line":20,"column":32},"end":{"line":20,"column":59}},"line":20},"4":{"name":"(anonymous_4)","decl":{"start":{"line":24,"column":2},"end":{"line":24,"column":3}},"loc":{"start":{"line":24,"column":8},"end":{"line":26,"column":3}},"line":24},"5":{"name":"(anonymous_5)","decl":{"start":{"line":28,"column":2},"end":{"line":28,"column":3}},"loc":{"start":{"line":28,"column":10},"end":{"line":30,"column":3}},"line":28}},"branchMap":{},"s":{"0":1,"1":2,"2":0,"3":0,"4":0,"5":0,"6":1,"7":1},"f":{"0":1,"1":2,"2":0,"3":0,"4":1,"5":1},"b":{},"_coverageSchema":"332fd63041d2c1bcb487cc26dd0d5f7d97098a6c","hash":"ffdd06f7a2882b88fefd26c368e6523e34a68ff9"}
,"/Users/andeladeveloper/Documents/mynewsfeedapp/src/models/user.js": {"path":"/Users/andeladeveloper/Documents/mynewsfeedapp/src/models/user.js","statementMap":{"0":{"start":{"line":6,"column":4},"end":{"line":6,"column":113}},"1":{"start":{"line":7,"column":4},"end":{"line":7,"column":37}},"2":{"start":{"line":8,"column":4},"end":{"line":8,"column":19}},"3":{"start":{"line":9,"column":4},"end":{"line":9,"column":23}},"4":{"start":{"line":10,"column":4},"end":{"line":10,"column":20}},"5":{"start":{"line":11,"column":4},"end":{"line":11,"column":28}},"6":{"start":{"line":15,"column":4},"end":{"line":15,"column":44}},"7":{"start":{"line":19,"column":4},"end":{"line":23,"column":5}},"8":{"start":{"line":20,"column":6},"end":{"line":20,"column":40}},"9":{"start":{"line":21,"column":6},"end":{"line":21,"column":42}},"10":{"start":{"line":22,"column":6},"end":{"line":22,"column":48}},"11":{"start":{"line":27,"column":4},"end":{"line":27,"column":19}},"12":{"start":{"line":28,"column":4},"end":{"line":28,"column":20}},"13":{"start":{"line":29,"column":4},"end":{"line":29,"column":23}},"14":{"start":{"line":33,"column":4},"end":{"line":33,"column":103}},"15":{"start":{"line":34,"column":4},"end":{"line":36,"column":5}},"16":{"start":{"line":35,"column":6},"end":{"line":35,"column":37}},"17":{"start":{"line":37,"column":4},"end":{"line":37,"column":60}},"18":{"start":{"line":38,"column":4},"end":{"line":38,"column":24}},"19":{"start":{"line":39,"column":4},"end":{"line":39,"column":28}},"20":{"start":{"line":43,"column":4},"end":{"line":43,"column":25}},"21":{"start":{"line":44,"column":4},"end":{"line":44,"column":32}},"22":{"start":{"line":45,"column":4},"end":{"line":45,"column":29}},"23":{"start":{"line":46,"column":4},"end":{"line":46,"column":16}},"24":{"start":{"line":50,"column":4},"end":{"line":50,"column":38}}},"fnMap":{"0":{"name":"(anonymous_0)","decl":{"start":{"line":5,"column":2},"end":{"line":5,"column":3}},"loc":{"start":{"line":5,"column":16},"end":{"line":12,"column":3}},"line":5},"1":{"name":"(anonymous_1)","decl":{"start":{"line":14,"column":2},"end":{"line":14,"column":3}},"loc":{"start":{"line":14,"column":15},"end":{"line":16,"column":3}},"line":14},"2":{"name":"(anonymous_2)","decl":{"start":{"line":18,"column":2},"end":{"line":18,"column":3}},"loc":{"start":{"line":18,"column":21},"end":{"line":24,"column":3}},"line":18},"3":{"name":"(anonymous_3)","decl":{"start":{"line":26,"column":2},"end":{"line":26,"column":3}},"loc":{"start":{"line":26,"column":22},"end":{"line":30,"column":3}},"line":26},"4":{"name":"(anonymous_4)","decl":{"start":{"line":32,"column":2},"end":{"line":32,"column":3}},"loc":{"start":{"line":32,"column":17},"end":{"line":40,"column":3}},"line":32},"5":{"name":"(anonymous_5)","decl":{"start":{"line":42,"column":2},"end":{"line":42,"column":3}},"loc":{"start":{"line":42,"column":11},"end":{"line":47,"column":3}},"line":42},"6":{"name":"(anonymous_6)","decl":{"start":{"line":49,"column":2},"end":{"line":49,"column":3}},"loc":{"start":{"line":49,"column":15},"end":{"line":51,"column":3}},"line":49}},"branchMap":{"0":{"loc":{"start":{"line":6,"column":23},"end":{"line":6,"column":112}},"type":"cond-expr","locations":[{"start":{"line":6,"column":64},"end":{"line":6,"column":73}},{"start":{"line":6,"column":76},"end":{"line":6,"column":112}}],"line":6},"1":{"loc":{"start":{"line":19,"column":4},"end":{"line":23,"column":5}},"type":"if","locations":[{"start":{"line":19,"column":4},"end":{"line":23,"column":5}},{"start":{"line":19,"column":4},"end":{"line":23,"column":5}}],"line":19},"2":{"loc":{"start":{"line":34,"column":4},"end":{"line":36,"column":5}},"type":"if","locations":[{"start":{"line":34,"column":4},"end":{"line":36,"column":5}},{"start":{"line":34,"column":4},"end":{"line":36,"column":5}}],"line":34}},"s":{"0":1,"1":1,"2":1,"3":1,"4":1,"5":1,"6":2,"7":2,"8":1,"9":1,"10":1,"11":1,"12":1,"13":1,"14":1,"15":1,"16":1,"17":1,"18":1,"19":1,"20":1,"21":1,"22":1,"23":1,"24":1},"f":{"0":1,"1":2,"2":2,"3":1,"4":1,"5":1,"6":1},"b":{"0":[1,0],"1":[1,1],"2":[1,0]},"_coverageSchema":"332fd63041d2c1bcb487cc26dd0d5f7d97098a6c","hash":"37eb22eda64760a994c41db4b08001c51af62470"}
,"/Users/andeladeveloper/Documents/mynewsfeedapp/src/stores/FavouritesStore.js": {"path":"/Users/andeladeveloper/Documents/mynewsfeedapp/src/stores/FavouritesStore.js","statementMap":{"0":{"start":{"line":6,"column":21},"end":{"line":6,"column":29}},"1":{"start":{"line":7,"column":24},"end":{"line":25,"column":2}},"2":{"start":{"line":10,"column":4},"end":{"line":10,"column":27}},"3":{"start":{"line":14,"column":4},"end":{"line":14,"column":28}},"4":{"start":{"line":18,"column":4},"end":{"line":18,"column":36}},"5":{"start":{"line":22,"column":4},"end":{"line":22,"column":48}},"6":{"start":{"line":26,"column":0},"end":{"line":37,"column":3}},"7":{"start":{"line":27,"column":2},"end":{"line":34,"column":3}},"8":{"start":{"line":29,"column":4},"end":{"line":29,"column":29}},"9":{"start":{"line":30,"column":6},"end":{"line":30,"column":35}},"10":{"start":{"line":31,"column":6},"end":{"line":31,"column":12}},"11":{"start":{"line":33,"column":6},"end":{"line":33,"column":12}},"12":{"start":{"line":36,"column":2},"end":{"line":36,"column":14}}},"fnMap":{"0":{"name":"(anonymous_0)","decl":{"start":{"line":26,"column":23},"end":{"line":26,"column":24}},"loc":{"start":{"line":26,"column":36},"end":{"line":37,"column":1}},"line":26}},"branchMap":{"0":{"loc":{"start":{"line":27,"column":2},"end":{"line":34,"column":3}},"type":"switch","locations":[{"start":{"line":28,"column":4},"end":{"line":31,"column":12}},{"start":{"line":32,"column":4},"end":{"line":33,"column":12}}],"line":27}},"s":{"0":1,"1":1,"2":0,"3":0,"4":0,"5":0,"6":1,"7":0,"8":0,"9":0,"10":0,"11":0,"12":0},"f":{"0":0},"b":{"0":[0,0]},"_coverageSchema":"332fd63041d2c1bcb487cc26dd0d5f7d97098a6c","hash":"fee9a3e720f74f9629af42d55a05ff64089dabb0"}
,"/Users/andeladeveloper/Documents/mynewsfeedapp/src/stores/NewsSourcesStore.js": {"path":"/Users/andeladeveloper/Documents/mynewsfeedapp/src/stores/NewsSourcesStore.js","statementMap":{"0":{"start":{"line":6,"column":21},"end":{"line":6,"column":29}},"1":{"start":{"line":7,"column":25},"end":{"line":25,"column":2}},"2":{"start":{"line":10,"column":4},"end":{"line":10,"column":24}},"3":{"start":{"line":14,"column":4},"end":{"line":14,"column":28}},"4":{"start":{"line":18,"column":4},"end":{"line":18,"column":36}},"5":{"start":{"line":22,"column":4},"end":{"line":22,"column":48}},"6":{"start":{"line":26,"column":0},"end":{"line":37,"column":3}},"7":{"start":{"line":27,"column":2},"end":{"line":34,"column":3}},"8":{"start":{"line":29,"column":6},"end":{"line":29,"column":49}},"9":{"start":{"line":30,"column":6},"end":{"line":30,"column":36}},"10":{"start":{"line":31,"column":6},"end":{"line":31,"column":12}},"11":{"start":{"line":33,"column":6},"end":{"line":33,"column":12}},"12":{"start":{"line":36,"column":2},"end":{"line":36,"column":14}}},"fnMap":{"0":{"name":"(anonymous_0)","decl":{"start":{"line":26,"column":23},"end":{"line":26,"column":24}},"loc":{"start":{"line":26,"column":36},"end":{"line":37,"column":1}},"line":26}},"branchMap":{"0":{"loc":{"start":{"line":27,"column":2},"end":{"line":34,"column":3}},"type":"switch","locations":[{"start":{"line":28,"column":4},"end":{"line":31,"column":12}},{"start":{"line":32,"column":4},"end":{"line":33,"column":12}}],"line":27}},"s":{"0":1,"1":1,"2":0,"3":0,"4":0,"5":0,"6":1,"7":0,"8":0,"9":0,"10":0,"11":0,"12":0},"f":{"0":0},"b":{"0":[0,0]},"_coverageSchema":"332fd63041d2c1bcb487cc26dd0d5f7d97098a6c","hash":"b2dcb86fe3a2170029cc861715dd90641b0f88fe"}
,"/Users/andeladeveloper/Documents/mynewsfeedapp/src/stores/NewsStore.js": {"path":"/Users/andeladeveloper/Documents/mynewsfeedapp/src/stores/NewsStore.js","statementMap":{"0":{"start":{"line":6,"column":21},"end":{"line":6,"column":29}},"1":{"start":{"line":7,"column":18},"end":{"line":25,"column":2}},"2":{"start":{"line":10,"column":4},"end":{"line":10,"column":21}},"3":{"start":{"line":14,"column":4},"end":{"line":14,"column":28}},"4":{"start":{"line":18,"column":4},"end":{"line":18,"column":36}},"5":{"start":{"line":22,"column":4},"end":{"line":22,"column":48}},"6":{"start":{"line":26,"column":0},"end":{"line":37,"column":3}},"7":{"start":{"line":27,"column":2},"end":{"line":34,"column":3}},"8":{"start":{"line":29,"column":6},"end":{"line":29,"column":36}},"9":{"start":{"line":30,"column":6},"end":{"line":30,"column":29}},"10":{"start":{"line":31,"column":6},"end":{"line":31,"column":12}},"11":{"start":{"line":33,"column":6},"end":{"line":33,"column":12}},"12":{"start":{"line":36,"column":2},"end":{"line":36,"column":14}}},"fnMap":{"0":{"name":"(anonymous_0)","decl":{"start":{"line":26,"column":23},"end":{"line":26,"column":24}},"loc":{"start":{"line":26,"column":36},"end":{"line":37,"column":1}},"line":26}},"branchMap":{"0":{"loc":{"start":{"line":27,"column":2},"end":{"line":34,"column":3}},"type":"switch","locations":[{"start":{"line":28,"column":4},"end":{"line":31,"column":12}},{"start":{"line":32,"column":4},"end":{"line":33,"column":12}}],"line":27}},"s":{"0":1,"1":1,"2":0,"3":0,"4":0,"5":0,"6":1,"7":0,"8":0,"9":0,"10":0,"11":0,"12":0},"f":{"0":0},"b":{"0":[0,0]},"_coverageSchema":"332fd63041d2c1bcb487cc26dd0d5f7d97098a6c","hash":"ced5bf72bd703cd36ad58c4a9dc0a91215945d19"}
,"/Users/andeladeveloper/Documents/mynewsfeedapp/src/views/ArticlesView.js": {"path":"/Users/andeladeveloper/Documents/mynewsfeedapp/src/views/ArticlesView.js","statementMap":{"0":{"start":{"line":18,"column":16},"end":{"line":20,"column":2}},"1":{"start":{"line":21,"column":16},"end":{"line":28,"column":1}},"2":{"start":{"line":30,"column":23},"end":{"line":43,"column":1}},"3":{"start":{"line":31,"column":16},"end":{"line":31,"column":58}},"4":{"start":{"line":32,"column":17},"end":{"line":32,"column":19}},"5":{"start":{"line":33,"column":12},"end":{"line":33,"column":13}},"6":{"start":{"line":34,"column":2},"end":{"line":41,"column":5}},"7":{"start":{"line":35,"column":4},"end":{"line":39,"column":7}},"8":{"start":{"line":40,"column":4},"end":{"line":40,"column":13}},"9":{"start":{"line":42,"column":2},"end":{"line":42,"column":16}},"10":{"start":{"line":47,"column":4},"end":{"line":47,"column":17}},"11":{"start":{"line":48,"column":4},"end":{"line":50,"column":6}},"12":{"start":{"line":51,"column":4},"end":{"line":51,"column":45}},"13":{"start":{"line":52,"column":4},"end":{"line":52,"column":55}},"14":{"start":{"line":53,"column":4},"end":{"line":53,"column":53}},"15":{"start":{"line":57,"column":4},"end":{"line":59,"column":5}},"16":{"start":{"line":58,"column":6},"end":{"line":58,"column":24}},"17":{"start":{"line":60,"column":4},"end":{"line":60,"column":51}},"18":{"start":{"line":64,"column":4},"end":{"line":64,"column":47}},"19":{"start":{"line":69,"column":4},"end":{"line":69,"column":25}},"20":{"start":{"line":73,"column":4},"end":{"line":77,"column":7}},"21":{"start":{"line":81,"column":4},"end":{"line":81,"column":38}},"22":{"start":{"line":85,"column":4},"end":{"line":85,"column":58}},"23":{"start":{"line":89,"column":4},"end":{"line":89,"column":50}},"24":{"start":{"line":93,"column":27},"end":{"line":93,"column":37}},"25":{"start":{"line":95,"column":6},"end":{"line":97,"column":13}},"26":{"start":{"line":99,"column":22},"end":{"line":99,"column":64}},"27":{"start":{"line":100,"column":27},"end":{"line":100,"column":37}},"28":{"start":{"line":101,"column":4},"end":{"line":121,"column":6}}},"fnMap":{"0":{"name":"(anonymous_0)","decl":{"start":{"line":30,"column":23},"end":{"line":30,"column":24}},"loc":{"start":{"line":30,"column":33},"end":{"line":43,"column":1}},"line":30},"1":{"name":"(anonymous_1)","decl":{"start":{"line":34,"column":16},"end":{"line":34,"column":17}},"loc":{"start":{"line":34,"column":26},"end":{"line":41,"column":3}},"line":34},"2":{"name":"(anonymous_2)","decl":{"start":{"line":46,"column":2},"end":{"line":46,"column":3}},"loc":{"start":{"line":46,"column":21},"end":{"line":54,"column":3}},"line":46},"3":{"name":"(anonymous_3)","decl":{"start":{"line":56,"column":2},"end":{"line":56,"column":3}},"loc":{"start":{"line":56,"column":23},"end":{"line":61,"column":3}},"line":56},"4":{"name":"(anonymous_4)","decl":{"start":{"line":63,"column":2},"end":{"line":63,"column":3}},"loc":{"start":{"line":63,"column":22},"end":{"line":65,"column":3}},"line":63},"5":{"name":"(anonymous_5)","decl":{"start":{"line":68,"column":2},"end":{"line":68,"column":3}},"loc":{"start":{"line":68,"column":13},"end":{"line":70,"column":3}},"line":68},"6":{"name":"(anonymous_6)","decl":{"start":{"line":72,"column":2},"end":{"line":72,"column":3}},"loc":{"start":{"line":72,"column":18},"end":{"line":78,"column":3}},"line":72},"7":{"name":"(anonymous_7)","decl":{"start":{"line":80,"column":2},"end":{"line":80,"column":3}},"loc":{"start":{"line":80,"column":14},"end":{"line":82,"column":3}},"line":80},"8":{"name":"(anonymous_8)","decl":{"start":{"line":84,"column":2},"end":{"line":84,"column":3}},"loc":{"start":{"line":84,"column":29},"end":{"line":86,"column":3}},"line":84},"9":{"name":"(anonymous_9)","decl":{"start":{"line":88,"column":2},"end":{"line":88,"column":3}},"loc":{"start":{"line":88,"column":25},"end":{"line":90,"column":3}},"line":88},"10":{"name":"(anonymous_10)","decl":{"start":{"line":92,"column":2},"end":{"line":92,"column":3}},"loc":{"start":{"line":92,"column":11},"end":{"line":122,"column":3}},"line":92}},"branchMap":{"0":{"loc":{"start":{"line":57,"column":4},"end":{"line":59,"column":5}},"type":"if","locations":[{"start":{"line":57,"column":4},"end":{"line":59,"column":5}},{"start":{"line":57,"column":4},"end":{"line":59,"column":5}}],"line":57}},"s":{"0":1,"1":1,"2":1,"3":0,"4":0,"5":0,"6":0,"7":0,"8":0,"9":0,"10":0,"11":0,"12":0,"13":0,"14":0,"15":0,"16":0,"17":0,"18":0,"19":0,"20":0,"21":0,"22":0,"23":0,"24":0,"25":0,"26":0,"27":0,"28":0},"f":{"0":0,"1":0,"2":0,"3":0,"4":0,"5":0,"6":0,"7":0,"8":0,"9":0,"10":0},"b":{"0":[0,0]},"_coverageSchema":"332fd63041d2c1bcb487cc26dd0d5f7d97098a6c","hash":"588e6687156b5d6fbfd8d876c600f694f9b6c4f2"}
,"/Users/andeladeveloper/Documents/mynewsfeedapp/src/views/HomeView.js": {"path":"/Users/andeladeveloper/Documents/mynewsfeedapp/src/views/HomeView.js","statementMap":{"0":{"start":{"line":8,"column":16},"end":{"line":10,"column":2}},"1":{"start":{"line":14,"column":4},"end":{"line":16,"column":5}},"2":{"start":{"line":15,"column":6},"end":{"line":15,"column":32}},"3":{"start":{"line":20,"column":4},"end":{"line":20,"column":36}},"4":{"start":{"line":21,"column":4},"end":{"line":21,"column":30}},"5":{"start":{"line":25,"column":4},"end":{"line":68,"column":6}}},"fnMap":{"0":{"name":"(anonymous_0)","decl":{"start":{"line":13,"column":2},"end":{"line":13,"column":3}},"loc":{"start":{"line":13,"column":23},"end":{"line":17,"column":3}},"line":13},"1":{"name":"(anonymous_1)","decl":{"start":{"line":19,"column":2},"end":{"line":19,"column":3}},"loc":{"start":{"line":19,"column":27},"end":{"line":22,"column":3}},"line":19},"2":{"name":"(anonymous_2)","decl":{"start":{"line":24,"column":2},"end":{"line":24,"column":3}},"loc":{"start":{"line":24,"column":11},"end":{"line":69,"column":3}},"line":24}},"branchMap":{"0":{"loc":{"start":{"line":14,"column":4},"end":{"line":16,"column":5}},"type":"if","locations":[{"start":{"line":14,"column":4},"end":{"line":16,"column":5}},{"start":{"line":14,"column":4},"end":{"line":16,"column":5}}],"line":14}},"s":{"0":1,"1":0,"2":0,"3":0,"4":0,"5":0},"f":{"0":0,"1":0,"2":0},"b":{"0":[0,0]},"_coverageSchema":"332fd63041d2c1bcb487cc26dd0d5f7d97098a6c","hash":"3a115b2d3d431db5696397593c57bd8740608df4"}
,"/Users/andeladeveloper/Documents/mynewsfeedapp/src/views/Logout.js": {"path":"/Users/andeladeveloper/Documents/mynewsfeedapp/src/views/Logout.js","statementMap":{"0":{"start":{"line":4,"column":16},"end":{"line":6,"column":2}},"1":{"start":{"line":9,"column":18},"end":{"line":9,"column":28}},"2":{"start":{"line":10,"column":3},"end":{"line":10,"column":17}},"3":{"start":{"line":11,"column":3},"end":{"line":11,"column":21}}},"fnMap":{"0":{"name":"(anonymous_0)","decl":{"start":{"line":8,"column":2},"end":{"line":8,"column":3}},"loc":{"start":{"line":8,"column":22},"end":{"line":12,"column":3}},"line":8}},"branchMap":{},"s":{"0":1,"1":0,"2":0,"3":0},"f":{"0":0},"b":{},"_coverageSchema":"332fd63041d2c1bcb487cc26dd0d5f7d97098a6c","hash":"a811c9f2385101d1f95d04533dbd75c91b642daa"}
,"/Users/andeladeveloper/Documents/mynewsfeedapp/src/views/SourcesView.js": {"path":"/Users/andeladeveloper/Documents/mynewsfeedapp/src/views/SourcesView.js","statementMap":{"0":{"start":{"line":11,"column":16},"end":{"line":13,"column":2}},"1":{"start":{"line":14,"column":16},"end":{"line":21,"column":1}},"2":{"start":{"line":25,"column":4},"end":{"line":25,"column":17}},"3":{"start":{"line":26,"column":4},"end":{"line":29,"column":6}},"4":{"start":{"line":30,"column":4},"end":{"line":30,"column":45}},"5":{"start":{"line":31,"column":4},"end":{"line":31,"column":65}},"6":{"start":{"line":32,"column":4},"end":{"line":32,"column":55}},"7":{"start":{"line":37,"column":4},"end":{"line":39,"column":5}},"8":{"start":{"line":38,"column":6},"end":{"line":38,"column":24}},"9":{"start":{"line":40,"column":4},"end":{"line":40,"column":28}},"10":{"start":{"line":44,"column":4},"end":{"line":44,"column":54}},"11":{"start":{"line":49,"column":4},"end":{"line":49,"column":25}},"12":{"start":{"line":54,"column":4},"end":{"line":57,"column":7}},"13":{"start":{"line":61,"column":4},"end":{"line":61,"column":57}},"14":{"start":{"line":65,"column":4},"end":{"line":69,"column":7}},"15":{"start":{"line":73,"column":4},"end":{"line":76,"column":7}},"16":{"start":{"line":78,"column":4},"end":{"line":87,"column":12}},"17":{"start":{"line":79,"column":6},"end":{"line":79,"column":68}},"18":{"start":{"line":79,"column":39},"end":{"line":79,"column":68}},"19":{"start":{"line":80,"column":17},"end":{"line":80,"column":66}},"20":{"start":{"line":81,"column":22},"end":{"line":81,"column":68}},"21":{"start":{"line":81,"column":36},"end":{"line":81,"column":66}},"22":{"start":{"line":82,"column":6},"end":{"line":85,"column":9}},"23":{"start":{"line":86,"column":6},"end":{"line":86,"column":18}},"24":{"start":{"line":95,"column":9},"end":{"line":95,"column":19}},"25":{"start":{"line":96,"column":27},"end":{"line":96,"column":37}},"26":{"start":{"line":98,"column":6},"end":{"line":100,"column":13}},"27":{"start":{"line":102,"column":4},"end":{"line":134,"column":6}},"28":{"start":{"line":126,"column":18},"end":{"line":126,"column":57}}},"fnMap":{"0":{"name":"(anonymous_0)","decl":{"start":{"line":24,"column":2},"end":{"line":24,"column":3}},"loc":{"start":{"line":24,"column":21},"end":{"line":33,"column":3}},"line":24},"1":{"name":"(anonymous_1)","decl":{"start":{"line":36,"column":2},"end":{"line":36,"column":3}},"loc":{"start":{"line":36,"column":23},"end":{"line":41,"column":3}},"line":36},"2":{"name":"(anonymous_2)","decl":{"start":{"line":43,"column":2},"end":{"line":43,"column":3}},"loc":{"start":{"line":43,"column":22},"end":{"line":45,"column":3}},"line":43},"3":{"name":"(anonymous_3)","decl":{"start":{"line":48,"column":2},"end":{"line":48,"column":3}},"loc":{"start":{"line":48,"column":13},"end":{"line":50,"column":3}},"line":48},"4":{"name":"(anonymous_4)","decl":{"start":{"line":53,"column":2},"end":{"line":53,"column":3}},"loc":{"start":{"line":53,"column":18},"end":{"line":58,"column":3}},"line":53},"5":{"name":"(anonymous_5)","decl":{"start":{"line":60,"column":2},"end":{"line":60,"column":3}},"loc":{"start":{"line":60,"column":25},"end":{"line":62,"column":3}},"line":60},"6":{"name":"(anonymous_6)","decl":{"start":{"line":64,"column":2},"end":{"line":64,"column":3}},"loc":{"start":{"line":64,"column":19},"end":{"line":70,"column":3}},"line":64},"7":{"name":"(anonymous_7)","decl":{"start":{"line":72,"column":2},"end":{"line":72,"column":3}},"loc":{"start":{"line":72,"column":29},"end":{"line":88,"column":3}},"line":72},"8":{"name":"(anonymous_8)","decl":{"start":{"line":78,"column":15},"end":{"line":78,"column":16}},"loc":{"start":{"line":78,"column":21},"end":{"line":87,"column":5}},"line":78},"9":{"name":"(anonymous_9)","decl":{"start":{"line":81,"column":22},"end":{"line":81,"column":23}},"loc":{"start":{"line":81,"column":34},"end":{"line":81,"column":68}},"line":81},"10":{"name":"(anonymous_10)","decl":{"start":{"line":90,"column":2},"end":{"line":90,"column":3}},"loc":{"start":{"line":90,"column":11},"end":{"line":135,"column":3}},"line":90},"11":{"name":"(anonymous_11)","decl":{"start":{"line":125,"column":40},"end":{"line":125,"column":41}},"loc":{"start":{"line":125,"column":59},"end":{"line":127,"column":17}},"line":125}},"branchMap":{"0":{"loc":{"start":{"line":37,"column":4},"end":{"line":39,"column":5}},"type":"if","locations":[{"start":{"line":37,"column":4},"end":{"line":39,"column":5}},{"start":{"line":37,"column":4},"end":{"line":39,"column":5}}],"line":37},"1":{"loc":{"start":{"line":79,"column":6},"end":{"line":79,"column":68}},"type":"if","locations":[{"start":{"line":79,"column":6},"end":{"line":79,"column":68}},{"start":{"line":79,"column":6},"end":{"line":79,"column":68}}],"line":79}},"s":{"0":1,"1":1,"2":0,"3":0,"4":0,"5":0,"6":0,"7":0,"8":0,"9":0,"10":0,"11":0,"12":0,"13":0,"14":0,"15":0,"16":0,"17":0,"18":0,"19":0,"20":0,"21":0,"22":0,"23":0,"24":0,"25":0,"26":0,"27":0,"28":0},"f":{"0":0,"1":0,"2":0,"3":0,"4":0,"5":0,"6":0,"7":0,"8":0,"9":0,"10":0,"11":0},"b":{"0":[0,0],"1":[0,0]},"_coverageSchema":"332fd63041d2c1bcb487cc26dd0d5f7d97098a6c","hash":"3d8f37cd02e77c05808e458e50f1f8e8c2571998"}
,"/Users/andeladeveloper/Documents/mynewsfeedapp/src/views/templates/AppBar.js": {"path":"/Users/andeladeveloper/Documents/mynewsfeedapp/src/views/templates/AppBar.js","statementMap":{"0":{"start":{"line":6,"column":4},"end":{"line":19,"column":6}}},"fnMap":{"0":{"name":"(anonymous_0)","decl":{"start":{"line":5,"column":2},"end":{"line":5,"column":3}},"loc":{"start":{"line":5,"column":11},"end":{"line":20,"column":3}},"line":5}},"branchMap":{},"s":{"0":0},"f":{"0":0},"b":{},"_coverageSchema":"332fd63041d2c1bcb487cc26dd0d5f7d97098a6c","hash":"835a62738b31a1271fce9f64edc00be6b74b30a1"}
,"/Users/andeladeveloper/Documents/mynewsfeedapp/src/views/templates/FavActions.js": {"path":"/Users/andeladeveloper/Documents/mynewsfeedapp/src/views/templates/FavActions.js","statementMap":{"0":{"start":{"line":9,"column":4},"end":{"line":9,"column":11}},"1":{"start":{"line":10,"column":4},"end":{"line":10,"column":35}},"2":{"start":{"line":11,"column":4},"end":{"line":11,"column":45}},"3":{"start":{"line":12,"column":4},"end":{"line":12,"column":53}},"4":{"start":{"line":13,"column":4},"end":{"line":13,"column":45}},"5":{"start":{"line":16,"column":4},"end":{"line":16,"column":22}},"6":{"start":{"line":20,"column":4},"end":{"line":20,"column":41}},"7":{"start":{"line":24,"column":4},"end":{"line":24,"column":27}},"8":{"start":{"line":25,"column":25},"end":{"line":25,"column":35}},"9":{"start":{"line":26,"column":27},"end":{"line":26,"column":37}},"10":{"start":{"line":27,"column":4},"end":{"line":27,"column":57}},"11":{"start":{"line":28,"column":4},"end":{"line":30,"column":7}},"12":{"start":{"line":34,"column":4},"end":{"line":34,"column":22}},"13":{"start":{"line":37,"column":19},"end":{"line":37,"column":29}},"14":{"start":{"line":38,"column":24},"end":{"line":38,"column":58}},"15":{"start":{"line":39,"column":20},"end":{"line":39,"column":22}},"16":{"start":{"line":40,"column":4},"end":{"line":42,"column":6}},"17":{"start":{"line":41,"column":6},"end":{"line":41,"column":59}},"18":{"start":{"line":43,"column":4},"end":{"line":49,"column":6}}},"fnMap":{"0":{"name":"(anonymous_0)","decl":{"start":{"line":8,"column":2},"end":{"line":8,"column":3}},"loc":{"start":{"line":8,"column":16},"end":{"line":14,"column":3}},"line":8},"1":{"name":"(anonymous_1)","decl":{"start":{"line":15,"column":2},"end":{"line":15,"column":3}},"loc":{"start":{"line":15,"column":23},"end":{"line":17,"column":3}},"line":15},"2":{"name":"(anonymous_2)","decl":{"start":{"line":19,"column":2},"end":{"line":19,"column":3}},"loc":{"start":{"line":19,"column":31},"end":{"line":21,"column":3}},"line":19},"3":{"name":"(anonymous_3)","decl":{"start":{"line":23,"column":2},"end":{"line":23,"column":3}},"loc":{"start":{"line":23,"column":22},"end":{"line":31,"column":3}},"line":23},"4":{"name":"(anonymous_4)","decl":{"start":{"line":33,"column":2},"end":{"line":33,"column":3}},"loc":{"start":{"line":33,"column":13},"end":{"line":35,"column":3}},"line":33},"5":{"name":"(anonymous_5)","decl":{"start":{"line":36,"column":2},"end":{"line":36,"column":3}},"loc":{"start":{"line":36,"column":11},"end":{"line":50,"column":3}},"line":36},"6":{"name":"(anonymous_6)","decl":{"start":{"line":40,"column":24},"end":{"line":40,"column":25}},"loc":{"start":{"line":40,"column":34},"end":{"line":42,"column":5}},"line":40}},"branchMap":{},"s":{"0":0,"1":0,"2":0,"3":0,"4":0,"5":0,"6":0,"7":0,"8":0,"9":0,"10":0,"11":0,"12":0,"13":0,"14":0,"15":0,"16":0,"17":0,"18":0},"f":{"0":0,"1":0,"2":0,"3":0,"4":0,"5":0,"6":0},"b":{},"_coverageSchema":"332fd63041d2c1bcb487cc26dd0d5f7d97098a6c","hash":"1db287827c4c45d32466b8144c46ce5127c8fcc3"}
,"/Users/andeladeveloper/Documents/mynewsfeedapp/src/views/templates/Favourites.js": {"path":"/Users/andeladeveloper/Documents/mynewsfeedapp/src/views/templates/Favourites.js","statementMap":{"0":{"start":{"line":1,"column":39},"end":{"line":1,"column":101}},"1":{"start":{"line":1,"column":120},"end":{"line":1,"column":202}},"2":{"start":{"line":9,"column":4},"end":{"line":13,"column":240}}},"fnMap":{"0":{"name":"(anonymous_0)","decl":{"start":{"line":5,"column":2},"end":{"line":5,"column":3}},"loc":{"start":{"line":5,"column":23},"end":{"line":6,"column":3}},"line":5},"1":{"name":"(anonymous_1)","decl":{"start":{"line":8,"column":2},"end":{"line":8,"column":3}},"loc":{"start":{"line":8,"column":11},"end":{"line":19,"column":3}},"line":8}},"branchMap":{},"s":{"0":0,"1":0,"2":0},"f":{"0":0,"1":0},"b":{}}
,"/Users/andeladeveloper/Documents/mynewsfeedapp/src/views/templates/SideBar.js": {"path":"/Users/andeladeveloper/Documents/mynewsfeedapp/src/views/templates/SideBar.js","statementMap":{"0":{"start":{"line":9,"column":4},"end":{"line":9,"column":12}},"1":{"start":{"line":10,"column":4},"end":{"line":12,"column":6}},"2":{"start":{"line":13,"column":4},"end":{"line":13,"column":45}},"3":{"start":{"line":14,"column":4},"end":{"line":14,"column":55}},"4":{"start":{"line":18,"column":4},"end":{"line":18,"column":53}},"5":{"start":{"line":22,"column":4},"end":{"line":22,"column":25}},"6":{"start":{"line":26,"column":4},"end":{"line":26,"column":53}},"7":{"start":{"line":30,"column":4},"end":{"line":30,"column":56}},"8":{"start":{"line":34,"column":27},"end":{"line":34,"column":37}},"9":{"start":{"line":35,"column":4},"end":{"line":65,"column":6}},"10":{"start":{"line":41,"column":14},"end":{"line":60,"column":15}},"11":{"start":{"line":48,"column":25},"end":{"line":55,"column":25}}},"fnMap":{"0":{"name":"(anonymous_0)","decl":{"start":{"line":8,"column":2},"end":{"line":8,"column":3}},"loc":{"start":{"line":8,"column":16},"end":{"line":15,"column":3}},"line":8},"1":{"name":"(anonymous_1)","decl":{"start":{"line":17,"column":2},"end":{"line":17,"column":3}},"loc":{"start":{"line":17,"column":22},"end":{"line":19,"column":3}},"line":17},"2":{"name":"(anonymous_2)","decl":{"start":{"line":21,"column":2},"end":{"line":21,"column":3}},"loc":{"start":{"line":21,"column":13},"end":{"line":23,"column":3}},"line":21},"3":{"name":"(anonymous_3)","decl":{"start":{"line":25,"column":2},"end":{"line":25,"column":3}},"loc":{"start":{"line":25,"column":18},"end":{"line":27,"column":3}},"line":25},"4":{"name":"(anonymous_4)","decl":{"start":{"line":29,"column":2},"end":{"line":29,"column":3}},"loc":{"start":{"line":29,"column":25},"end":{"line":31,"column":3}},"line":29},"5":{"name":"(anonymous_5)","decl":{"start":{"line":33,"column":2},"end":{"line":33,"column":3}},"loc":{"start":{"line":33,"column":11},"end":{"line":66,"column":3}},"line":33},"6":{"name":"(anonymous_6)","decl":{"start":{"line":40,"column":45},"end":{"line":40,"column":46}},"loc":{"start":{"line":40,"column":63},"end":{"line":61,"column":13}},"line":40},"7":{"name":"(anonymous_7)","decl":{"start":{"line":47,"column":56},"end":{"line":47,"column":57}},"loc":{"start":{"line":47,"column":68},"end":{"line":56,"column":23}},"line":47}},"branchMap":{},"s":{"0":0,"1":0,"2":0,"3":0,"4":0,"5":0,"6":0,"7":0,"8":0,"9":0,"10":0,"11":0},"f":{"0":0,"1":0,"2":0,"3":0,"4":0,"5":0,"6":0,"7":0},"b":{},"_coverageSchema":"332fd63041d2c1bcb487cc26dd0d5f7d97098a6c","hash":"b09930aff7deb8404f1f890ad8b83bbe5a3a8fd6"}
,"/Users/andeladeveloper/Documents/mynewsfeedapp/src/views/templates/SourceItem.js": {"path":"/Users/andeladeveloper/Documents/mynewsfeedapp/src/views/templates/SourceItem.js","statementMap":{"0":{"start":{"line":8,"column":23},"end":{"line":8,"column":33}},"1":{"start":{"line":9,"column":4},"end":{"line":39,"column":5}}},"fnMap":{"0":{"name":"(anonymous_0)","decl":{"start":{"line":7,"column":2},"end":{"line":7,"column":3}},"loc":{"start":{"line":7,"column":11},"end":{"line":40,"column":3}},"line":7}},"branchMap":{},"s":{"0":0,"1":0},"f":{"0":0},"b":{},"_coverageSchema":"332fd63041d2c1bcb487cc26dd0d5f7d97098a6c","hash":"3788131026ba34604af0d234ef76d52125a950dd"}
}
