{"/Users/andeladeveloper/Documents/mynewsfeedapp/src/index.js": {"path":"/Users/andeladeveloper/Documents/mynewsfeedapp/src/index.js","statementMap":{"0":{"start":{"line":1,"column":58},"end":{"line":1,"column":119}}},"fnMap":{},"branchMap":{},"s":{"0":0},"f":{},"b":{}}
,"/Users/andeladeveloper/Documents/mynewsfeedapp/src/actions/AppActions.js": {"path":"/Users/andeladeveloper/Documents/mynewsfeedapp/src/actions/AppActions.js","statementMap":{"0":{"start":{"line":9,"column":19},"end":{"line":88,"column":1}},"1":{"start":{"line":11,"column":4},"end":{"line":11,"column":21}},"2":{"start":{"line":12,"column":4},"end":{"line":12,"column":35}},"3":{"start":{"line":13,"column":4},"end":{"line":15,"column":5}},"4":{"start":{"line":14,"column":6},"end":{"line":14,"column":39}},"5":{"start":{"line":16,"column":4},"end":{"line":35,"column":7}},"6":{"start":{"line":17,"column":24},"end":{"line":17,"column":43}},"7":{"start":{"line":18,"column":25},"end":{"line":18,"column":41}},"8":{"start":{"line":19,"column":6},"end":{"line":34,"column":7}},"9":{"start":{"line":20,"column":25},"end":{"line":20,"column":44}},"10":{"start":{"line":21,"column":8},"end":{"line":29,"column":11}},"11":{"start":{"line":22,"column":10},"end":{"line":28,"column":10}},"12":{"start":{"line":30,"column":8},"end":{"line":33,"column":11}},"13":{"start":{"line":39,"column":4},"end":{"line":39,"column":21}},"14":{"start":{"line":40,"column":24},"end":{"line":40,"column":46}},"15":{"start":{"line":41,"column":4},"end":{"line":57,"column":7}},"16":{"start":{"line":42,"column":6},"end":{"line":56,"column":7}},"17":{"start":{"line":43,"column":23},"end":{"line":43,"column":39}},"18":{"start":{"line":44,"column":24},"end":{"line":44,"column":38}},"19":{"start":{"line":45,"column":8},"end":{"line":51,"column":11}},"20":{"start":{"line":46,"column":10},"end":{"line":50,"column":47}},"21":{"start":{"line":52,"column":8},"end":{"line":55,"column":11}},"22":{"start":{"line":61,"column":22},"end":{"line":61,"column":41}},"23":{"start":{"line":62,"column":27},"end":{"line":62,"column":44}},"24":{"start":{"line":63,"column":32},"end":{"line":63,"column":63}},"25":{"start":{"line":64,"column":4},"end":{"line":86,"column":7}},"26":{"start":{"line":65,"column":6},"end":{"line":65,"column":23}},"27":{"start":{"line":66,"column":6},"end":{"line":66,"column":37}},"28":{"start":{"line":67,"column":6},"end":{"line":85,"column":9}},"29":{"start":{"line":68,"column":27},"end":{"line":68,"column":43}},"30":{"start":{"line":69,"column":8},"end":{"line":84,"column":9}},"31":{"start":{"line":70,"column":27},"end":{"line":70,"column":46}},"32":{"start":{"line":71,"column":10},"end":{"line":79,"column":13}},"33":{"start":{"line":72,"column":12},"end":{"line":78,"column":12}},"34":{"start":{"line":80,"column":10},"end":{"line":83,"column":13}}},"fnMap":{"0":{"name":"(anonymous_0)","decl":{"start":{"line":10,"column":11},"end":{"line":10,"column":12}},"loc":{"start":{"line":10,"column":40},"end":{"line":36,"column":3}},"line":10},"1":{"name":"(anonymous_1)","decl":{"start":{"line":16,"column":27},"end":{"line":16,"column":28}},"loc":{"start":{"line":16,"column":54},"end":{"line":35,"column":5}},"line":16},"2":{"name":"(anonymous_2)","decl":{"start":{"line":21,"column":25},"end":{"line":21,"column":26}},"loc":{"start":{"line":21,"column":38},"end":{"line":29,"column":9}},"line":21},"3":{"name":"(anonymous_3)","decl":{"start":{"line":38,"column":14},"end":{"line":38,"column":15}},"loc":{"start":{"line":38,"column":20},"end":{"line":58,"column":3}},"line":38},"4":{"name":"(anonymous_4)","decl":{"start":{"line":41,"column":25},"end":{"line":41,"column":26}},"loc":{"start":{"line":41,"column":52},"end":{"line":57,"column":5}},"line":41},"5":{"name":"(anonymous_5)","decl":{"start":{"line":45,"column":24},"end":{"line":45,"column":25}},"loc":{"start":{"line":45,"column":36},"end":{"line":51,"column":9}},"line":45},"6":{"name":"(anonymous_6)","decl":{"start":{"line":60,"column":21},"end":{"line":60,"column":22}},"loc":{"start":{"line":60,"column":31},"end":{"line":87,"column":3}},"line":60},"7":{"name":"(anonymous_7)","decl":{"start":{"line":64,"column":32},"end":{"line":64,"column":33}},"loc":{"start":{"line":64,"column":41},"end":{"line":86,"column":5}},"line":64},"8":{"name":"(anonymous_8)","decl":{"start":{"line":67,"column":29},"end":{"line":67,"column":30}},"loc":{"start":{"line":67,"column":56},"end":{"line":85,"column":7}},"line":67},"9":{"name":"(anonymous_9)","decl":{"start":{"line":71,"column":27},"end":{"line":71,"column":28}},"loc":{"start":{"line":71,"column":40},"end":{"line":79,"column":11}},"line":71}},"branchMap":{"0":{"loc":{"start":{"line":10,"column":20},"end":{"line":10,"column":35}},"type":"default-arg","locations":[{"start":{"line":10,"column":31},"end":{"line":10,"column":35}}],"line":10},"1":{"loc":{"start":{"line":13,"column":4},"end":{"line":15,"column":5}},"type":"if","locations":[{"start":{"line":13,"column":4},"end":{"line":15,"column":5}},{"start":{"line":13,"column":4},"end":{"line":15,"column":5}}],"line":13},"2":{"loc":{"start":{"line":19,"column":6},"end":{"line":34,"column":7}},"type":"if","locations":[{"start":{"line":19,"column":6},"end":{"line":34,"column":7}},{"start":{"line":19,"column":6},"end":{"line":34,"column":7}}],"line":19},"3":{"loc":{"start":{"line":42,"column":6},"end":{"line":56,"column":7}},"type":"if","locations":[{"start":{"line":42,"column":6},"end":{"line":56,"column":7}},{"start":{"line":42,"column":6},"end":{"line":56,"column":7}}],"line":42},"4":{"loc":{"start":{"line":69,"column":8},"end":{"line":84,"column":9}},"type":"if","locations":[{"start":{"line":69,"column":8},"end":{"line":84,"column":9}},{"start":{"line":69,"column":8},"end":{"line":84,"column":9}}],"line":69}},"s":{"0":1,"1":0,"2":0,"3":0,"4":0,"5":0,"6":0,"7":0,"8":0,"9":0,"10":0,"11":0,"12":0,"13":0,"14":0,"15":0,"16":0,"17":0,"18":0,"19":0,"20":0,"21":0,"22":0,"23":0,"24":0,"25":0,"26":0,"27":0,"28":0,"29":0,"30":0,"31":0,"32":0,"33":0,"34":0},"f":{"0":0,"1":0,"2":0,"3":0,"4":0,"5":0,"6":0,"7":0,"8":0,"9":0},"b":{"0":[0],"1":[0,0],"2":[0,0],"3":[0,0],"4":[0,0]},"_coverageSchema":"332fd63041d2c1bcb487cc26dd0d5f7d97098a6c","hash":"4102365a0d2ea45d6f22147cb883716f200e4fb1"}
,"/Users/andeladeveloper/Documents/mynewsfeedapp/src/constants/AppConstants.js": {"path":"/Users/andeladeveloper/Documents/mynewsfeedapp/src/constants/AppConstants.js","statementMap":{"0":{"start":{"line":1,"column":19},"end":{"line":4,"column":1}}},"fnMap":{},"branchMap":{},"s":{"0":1},"f":{},"b":{},"_coverageSchema":"332fd63041d2c1bcb487cc26dd0d5f7d97098a6c","hash":"ce044c39b13c94d09f423351d90fc9abaee093cf"}
,"/Users/andeladeveloper/Documents/mynewsfeedapp/src/controllers/App.js": {"path":"/Users/andeladeveloper/Documents/mynewsfeedapp/src/controllers/App.js","statementMap":{"0":{"start":{"line":13,"column":4},"end":{"line":13,"column":12}},"1":{"start":{"line":14,"column":4},"end":{"line":14,"column":51}},"2":{"start":{"line":18,"column":27},"end":{"line":18,"column":37}},"3":{"start":{"line":19,"column":4},"end":{"line":29,"column":6}},"4":{"start":{"line":22,"column":46},"end":{"line":22,"column":70}},"5":{"start":{"line":23,"column":54},"end":{"line":23,"column":105}},"6":{"start":{"line":26,"column":52},"end":{"line":26,"column":74}}},"fnMap":{"0":{"name":"(anonymous_0)","decl":{"start":{"line":12,"column":2},"end":{"line":12,"column":3}},"loc":{"start":{"line":12,"column":16},"end":{"line":15,"column":3}},"line":12},"1":{"name":"(anonymous_1)","decl":{"start":{"line":17,"column":2},"end":{"line":17,"column":3}},"loc":{"start":{"line":17,"column":11},"end":{"line":30,"column":3}},"line":17},"2":{"name":"(anonymous_2)","decl":{"start":{"line":22,"column":40},"end":{"line":22,"column":41}},"loc":{"start":{"line":22,"column":46},"end":{"line":22,"column":70}},"line":22},"3":{"name":"(anonymous_3)","decl":{"start":{"line":23,"column":48},"end":{"line":23,"column":49}},"loc":{"start":{"line":23,"column":54},"end":{"line":23,"column":105}},"line":23},"4":{"name":"(anonymous_4)","decl":{"start":{"line":26,"column":46},"end":{"line":26,"column":47}},"loc":{"start":{"line":26,"column":52},"end":{"line":26,"column":74}},"line":26}},"branchMap":{},"s":{"0":0,"1":0,"2":0,"3":0,"4":0,"5":0,"6":0},"f":{"0":0,"1":0,"2":0,"3":0,"4":0},"b":{},"_coverageSchema":"332fd63041d2c1bcb487cc26dd0d5f7d97098a6c","hash":"86b8b99e3f05c3036d4ffff821acd7fdb0dc41f4"}
,"/Users/andeladeveloper/Documents/mynewsfeedapp/src/dispatcher/AppDispatcher.js": {"path":"/Users/andeladeveloper/Documents/mynewsfeedapp/src/dispatcher/AppDispatcher.js","statementMap":{"0":{"start":{"line":3,"column":0},"end":{"line":3,"column":34}}},"fnMap":{},"branchMap":{},"s":{"0":1},"f":{},"b":{},"_coverageSchema":"332fd63041d2c1bcb487cc26dd0d5f7d97098a6c","hash":"22f1c42d0d4c8fcc63ca8e9feaea77ab2e54553a"}
,"/Users/andeladeveloper/Documents/mynewsfeedapp/src/models/API.js": {"path":"/Users/andeladeveloper/Documents/mynewsfeedapp/src/models/API.js","statementMap":{"0":{"start":{"line":3,"column":4},"end":{"line":3,"column":96}},"1":{"start":{"line":4,"column":4},"end":{"line":4,"column":64}},"2":{"start":{"line":5,"column":4},"end":{"line":5,"column":32}},"3":{"start":{"line":9,"column":4},"end":{"line":9,"column":37}},"4":{"start":{"line":13,"column":4},"end":{"line":13,"column":32}},"5":{"start":{"line":17,"column":4},"end":{"line":17,"column":21}}},"fnMap":{"0":{"name":"(anonymous_0)","decl":{"start":{"line":2,"column":2},"end":{"line":2,"column":3}},"loc":{"start":{"line":2,"column":16},"end":{"line":6,"column":3}},"line":2},"1":{"name":"(anonymous_1)","decl":{"start":{"line":8,"column":2},"end":{"line":8,"column":3}},"loc":{"start":{"line":8,"column":24},"end":{"line":10,"column":3}},"line":8},"2":{"name":"(anonymous_2)","decl":{"start":{"line":12,"column":2},"end":{"line":12,"column":3}},"loc":{"start":{"line":12,"column":15},"end":{"line":14,"column":3}},"line":12},"3":{"name":"(anonymous_3)","decl":{"start":{"line":16,"column":2},"end":{"line":16,"column":3}},"loc":{"start":{"line":16,"column":12},"end":{"line":18,"column":3}},"line":16}},"branchMap":{},"s":{"0":1,"1":1,"2":1,"3":0,"4":0,"5":0},"f":{"0":1,"1":0,"2":0,"3":0},"b":{},"_coverageSchema":"332fd63041d2c1bcb487cc26dd0d5f7d97098a6c","hash":"aaef6cfaab7d325fec9ab10e14c0d2f6e39b62a8"}
,"/Users/andeladeveloper/Documents/mynewsfeedapp/src/models/Collections.js": {"path":"/Users/andeladeveloper/Documents/mynewsfeedapp/src/models/Collections.js","statementMap":{"0":{"start":{"line":7,"column":4},"end":{"line":7,"column":23}},"1":{"start":{"line":8,"column":4},"end":{"line":8,"column":24}},"2":{"start":{"line":9,"column":4},"end":{"line":9,"column":44}},"3":{"start":{"line":10,"column":4},"end":{"line":17,"column":5}},"4":{"start":{"line":12,"column":6},"end":{"line":12,"column":34}},"5":{"start":{"line":14,"column":6},"end":{"line":16,"column":7}},"6":{"start":{"line":15,"column":8},"end":{"line":15,"column":24}},"7":{"start":{"line":20,"column":15},"end":{"line":20,"column":40}},"8":{"start":{"line":21,"column":24},"end":{"line":21,"column":39}},"9":{"start":{"line":22,"column":4},"end":{"line":24,"column":7}},"10":{"start":{"line":23,"column":6},"end":{"line":23,"column":34}},"11":{"start":{"line":25,"column":4},"end":{"line":25,"column":23}},"12":{"start":{"line":28,"column":4},"end":{"line":28,"column":29}},"13":{"start":{"line":32,"column":4},"end":{"line":32,"column":40}},"14":{"start":{"line":36,"column":4},"end":{"line":36,"column":29}},"15":{"start":{"line":40,"column":4},"end":{"line":44,"column":5}},"16":{"start":{"line":41,"column":6},"end":{"line":41,"column":28}},"17":{"start":{"line":42,"column":6},"end":{"line":42,"column":22}},"18":{"start":{"line":43,"column":6},"end":{"line":43,"column":18}},"19":{"start":{"line":45,"column":4},"end":{"line":45,"column":17}},"20":{"start":{"line":49,"column":4},"end":{"line":52,"column":5}},"21":{"start":{"line":50,"column":6},"end":{"line":50,"column":27}},"22":{"start":{"line":51,"column":6},"end":{"line":51,"column":22}},"23":{"start":{"line":56,"column":16},"end":{"line":56,"column":18}},"24":{"start":{"line":57,"column":4},"end":{"line":59,"column":7}},"25":{"start":{"line":58,"column":6},"end":{"line":58,"column":23}},"26":{"start":{"line":60,"column":4},"end":{"line":60,"column":33}},"27":{"start":{"line":61,"column":4},"end":{"line":61,"column":24}},"28":{"start":{"line":64,"column":4},"end":{"line":64,"column":25}},"29":{"start":{"line":68,"column":4},"end":{"line":68,"column":26}}},"fnMap":{"0":{"name":"(anonymous_0)","decl":{"start":{"line":6,"column":2},"end":{"line":6,"column":3}},"loc":{"start":{"line":6,"column":21},"end":{"line":18,"column":3}},"line":6},"1":{"name":"(anonymous_1)","decl":{"start":{"line":19,"column":2},"end":{"line":19,"column":3}},"loc":{"start":{"line":19,"column":13},"end":{"line":26,"column":3}},"line":19},"2":{"name":"(anonymous_2)","decl":{"start":{"line":22,"column":24},"end":{"line":22,"column":25}},"loc":{"start":{"line":22,"column":34},"end":{"line":24,"column":5}},"line":22},"3":{"name":"(anonymous_3)","decl":{"start":{"line":27,"column":2},"end":{"line":27,"column":3}},"loc":{"start":{"line":27,"column":22},"end":{"line":29,"column":3}},"line":27},"4":{"name":"(anonymous_4)","decl":{"start":{"line":31,"column":2},"end":{"line":31,"column":3}},"loc":{"start":{"line":31,"column":19},"end":{"line":33,"column":3}},"line":31},"5":{"name":"(anonymous_5)","decl":{"start":{"line":35,"column":2},"end":{"line":35,"column":3}},"loc":{"start":{"line":35,"column":22},"end":{"line":37,"column":3}},"line":35},"6":{"name":"(anonymous_6)","decl":{"start":{"line":39,"column":2},"end":{"line":39,"column":3}},"loc":{"start":{"line":39,"column":22},"end":{"line":46,"column":3}},"line":39},"7":{"name":"(anonymous_7)","decl":{"start":{"line":48,"column":2},"end":{"line":48,"column":3}},"loc":{"start":{"line":48,"column":25},"end":{"line":53,"column":3}},"line":48},"8":{"name":"(anonymous_8)","decl":{"start":{"line":55,"column":2},"end":{"line":55,"column":3}},"loc":{"start":{"line":55,"column":13},"end":{"line":62,"column":3}},"line":55},"9":{"name":"(anonymous_9)","decl":{"start":{"line":57,"column":20},"end":{"line":57,"column":21}},"loc":{"start":{"line":57,"column":36},"end":{"line":59,"column":5}},"line":57},"10":{"name":"(anonymous_10)","decl":{"start":{"line":63,"column":2},"end":{"line":63,"column":3}},"loc":{"start":{"line":63,"column":13},"end":{"line":65,"column":3}},"line":63},"11":{"name":"(anonymous_11)","decl":{"start":{"line":67,"column":2},"end":{"line":67,"column":3}},"loc":{"start":{"line":67,"column":13},"end":{"line":69,"column":3}},"line":67}},"branchMap":{"0":{"loc":{"start":{"line":10,"column":4},"end":{"line":17,"column":5}},"type":"if","locations":[{"start":{"line":10,"column":4},"end":{"line":17,"column":5}},{"start":{"line":10,"column":4},"end":{"line":17,"column":5}}],"line":10},"1":{"loc":{"start":{"line":14,"column":6},"end":{"line":16,"column":7}},"type":"if","locations":[{"start":{"line":14,"column":6},"end":{"line":16,"column":7}},{"start":{"line":14,"column":6},"end":{"line":16,"column":7}}],"line":14},"2":{"loc":{"start":{"line":40,"column":4},"end":{"line":44,"column":5}},"type":"if","locations":[{"start":{"line":40,"column":4},"end":{"line":44,"column":5}},{"start":{"line":40,"column":4},"end":{"line":44,"column":5}}],"line":40},"3":{"loc":{"start":{"line":49,"column":4},"end":{"line":52,"column":5}},"type":"if","locations":[{"start":{"line":49,"column":4},"end":{"line":52,"column":5}},{"start":{"line":49,"column":4},"end":{"line":52,"column":5}}],"line":49}},"s":{"0":0,"1":0,"2":0,"3":0,"4":0,"5":0,"6":0,"7":0,"8":0,"9":0,"10":0,"11":0,"12":0,"13":0,"14":0,"15":0,"16":0,"17":0,"18":0,"19":0,"20":0,"21":0,"22":0,"23":0,"24":0,"25":0,"26":0,"27":0,"28":0,"29":0},"f":{"0":0,"1":0,"2":0,"3":0,"4":0,"5":0,"6":0,"7":0,"8":0,"9":0,"10":0,"11":0},"b":{"0":[0,0],"1":[0,0],"2":[0,0],"3":[0,0]},"_coverageSchema":"332fd63041d2c1bcb487cc26dd0d5f7d97098a6c","hash":"0a9b9a64a2d40f0c0c1205d0c903093b4942da52"}
,"/Users/andeladeveloper/Documents/mynewsfeedapp/src/models/Favourites.js": {"path":"/Users/andeladeveloper/Documents/mynewsfeedapp/src/models/Favourites.js","statementMap":{"0":{"start":{"line":6,"column":4},"end":{"line":6,"column":17}},"1":{"start":{"line":7,"column":4},"end":{"line":7,"column":23}},"2":{"start":{"line":11,"column":4},"end":{"line":20,"column":5}},"3":{"start":{"line":12,"column":6},"end":{"line":16,"column":7}},"4":{"start":{"line":13,"column":8},"end":{"line":13,"column":75}},"5":{"start":{"line":14,"column":8},"end":{"line":14,"column":24}},"6":{"start":{"line":15,"column":8},"end":{"line":15,"column":20}},"7":{"start":{"line":18,"column":6},"end":{"line":18,"column":31}},"8":{"start":{"line":19,"column":6},"end":{"line":19,"column":59}},"9":{"start":{"line":21,"column":4},"end":{"line":21,"column":17}},"10":{"start":{"line":25,"column":15},"end":{"line":25,"column":56}},"11":{"start":{"line":26,"column":20},"end":{"line":26,"column":62}},"12":{"start":{"line":26,"column":34},"end":{"line":26,"column":60}},"13":{"start":{"line":27,"column":22},"end":{"line":27,"column":65}},"14":{"start":{"line":28,"column":4},"end":{"line":28,"column":32}},"15":{"start":{"line":33,"column":23},"end":{"line":33,"column":44}},"16":{"start":{"line":34,"column":17},"end":{"line":34,"column":22}},"17":{"start":{"line":35,"column":4},"end":{"line":39,"column":7}},"18":{"start":{"line":36,"column":6},"end":{"line":38,"column":7}},"19":{"start":{"line":37,"column":8},"end":{"line":37,"column":22}},"20":{"start":{"line":40,"column":4},"end":{"line":40,"column":18}},"21":{"start":{"line":44,"column":4},"end":{"line":51,"column":5}},"22":{"start":{"line":45,"column":20},"end":{"line":45,"column":66}},"23":{"start":{"line":46,"column":6},"end":{"line":50,"column":7}},"24":{"start":{"line":47,"column":8},"end":{"line":47,"column":50}},"25":{"start":{"line":48,"column":8},"end":{"line":48,"column":24}},"26":{"start":{"line":49,"column":8},"end":{"line":49,"column":20}},"27":{"start":{"line":52,"column":4},"end":{"line":52,"column":17}},"28":{"start":{"line":56,"column":16},"end":{"line":56,"column":17}},"29":{"start":{"line":57,"column":17},"end":{"line":57,"column":19}},"30":{"start":{"line":58,"column":4},"end":{"line":63,"column":7}},"31":{"start":{"line":59,"column":6},"end":{"line":61,"column":7}},"32":{"start":{"line":60,"column":8},"end":{"line":60,"column":23}},"33":{"start":{"line":62,"column":6},"end":{"line":62,"column":17}},"34":{"start":{"line":64,"column":4},"end":{"line":64,"column":18}}},"fnMap":{"0":{"name":"(anonymous_0)","decl":{"start":{"line":5,"column":2},"end":{"line":5,"column":3}},"loc":{"start":{"line":5,"column":21},"end":{"line":8,"column":3}},"line":5},"1":{"name":"(anonymous_1)","decl":{"start":{"line":10,"column":2},"end":{"line":10,"column":3}},"loc":{"start":{"line":10,"column":43},"end":{"line":22,"column":3}},"line":10},"2":{"name":"(anonymous_2)","decl":{"start":{"line":24,"column":2},"end":{"line":24,"column":3}},"loc":{"start":{"line":24,"column":31},"end":{"line":29,"column":3}},"line":24},"3":{"name":"(anonymous_3)","decl":{"start":{"line":26,"column":20},"end":{"line":26,"column":21}},"loc":{"start":{"line":26,"column":32},"end":{"line":26,"column":62}},"line":26},"4":{"name":"(anonymous_4)","decl":{"start":{"line":31,"column":2},"end":{"line":31,"column":3}},"loc":{"start":{"line":31,"column":25},"end":{"line":41,"column":3}},"line":31},"5":{"name":"(anonymous_5)","decl":{"start":{"line":35,"column":23},"end":{"line":35,"column":24}},"loc":{"start":{"line":35,"column":32},"end":{"line":39,"column":5}},"line":35},"6":{"name":"(anonymous_6)","decl":{"start":{"line":43,"column":2},"end":{"line":43,"column":3}},"loc":{"start":{"line":43,"column":34},"end":{"line":53,"column":3}},"line":43},"7":{"name":"(anonymous_7)","decl":{"start":{"line":55,"column":2},"end":{"line":55,"column":3}},"loc":{"start":{"line":55,"column":18},"end":{"line":65,"column":3}},"line":55},"8":{"name":"(anonymous_8)","decl":{"start":{"line":58,"column":16},"end":{"line":58,"column":17}},"loc":{"start":{"line":58,"column":26},"end":{"line":63,"column":5}},"line":58}},"branchMap":{"0":{"loc":{"start":{"line":11,"column":4},"end":{"line":20,"column":5}},"type":"if","locations":[{"start":{"line":11,"column":4},"end":{"line":20,"column":5}},{"start":{"line":11,"column":4},"end":{"line":20,"column":5}}],"line":11},"1":{"loc":{"start":{"line":12,"column":6},"end":{"line":16,"column":7}},"type":"if","locations":[{"start":{"line":12,"column":6},"end":{"line":16,"column":7}},{"start":{"line":12,"column":6},"end":{"line":16,"column":7}}],"line":12},"2":{"loc":{"start":{"line":36,"column":6},"end":{"line":38,"column":7}},"type":"if","locations":[{"start":{"line":36,"column":6},"end":{"line":38,"column":7}},{"start":{"line":36,"column":6},"end":{"line":38,"column":7}}],"line":36},"3":{"loc":{"start":{"line":44,"column":4},"end":{"line":51,"column":5}},"type":"if","locations":[{"start":{"line":44,"column":4},"end":{"line":51,"column":5}},{"start":{"line":44,"column":4},"end":{"line":51,"column":5}}],"line":44},"4":{"loc":{"start":{"line":46,"column":6},"end":{"line":50,"column":7}},"type":"if","locations":[{"start":{"line":46,"column":6},"end":{"line":50,"column":7}},{"start":{"line":46,"column":6},"end":{"line":50,"column":7}}],"line":46},"5":{"loc":{"start":{"line":59,"column":6},"end":{"line":61,"column":7}},"type":"if","locations":[{"start":{"line":59,"column":6},"end":{"line":61,"column":7}},{"start":{"line":59,"column":6},"end":{"line":61,"column":7}}],"line":59}},"s":{"0":0,"1":0,"2":0,"3":0,"4":0,"5":0,"6":0,"7":0,"8":0,"9":0,"10":0,"11":0,"12":0,"13":0,"14":0,"15":0,"16":0,"17":0,"18":0,"19":0,"20":0,"21":0,"22":0,"23":0,"24":0,"25":0,"26":0,"27":0,"28":0,"29":0,"30":0,"31":0,"32":0,"33":0,"34":0},"f":{"0":0,"1":0,"2":0,"3":0,"4":0,"5":0,"6":0,"7":0,"8":0},"b":{"0":[0,0],"1":[0,0],"2":[0,0],"3":[0,0],"4":[0,0],"5":[0,0]},"_coverageSchema":"332fd63041d2c1bcb487cc26dd0d5f7d97098a6c","hash":"eb363a8aa22bb67ef617aa60d92e56b53157a758"}
,"/Users/andeladeveloper/Documents/mynewsfeedapp/src/models/news.js": {"path":"/Users/andeladeveloper/Documents/mynewsfeedapp/src/models/news.js","statementMap":{"0":{"start":{"line":5,"column":4},"end":{"line":5,"column":19}},"1":{"start":{"line":9,"column":4},"end":{"line":15,"column":7}},"2":{"start":{"line":19,"column":4},"end":{"line":19,"column":28}},"3":{"start":{"line":23,"column":15},"end":{"line":23,"column":53}},"4":{"start":{"line":24,"column":20},"end":{"line":24,"column":66}},"5":{"start":{"line":24,"column":34},"end":{"line":24,"column":64}},"6":{"start":{"line":25,"column":4},"end":{"line":25,"column":40}},"7":{"start":{"line":29,"column":4},"end":{"line":29,"column":21}}},"fnMap":{"0":{"name":"(anonymous_0)","decl":{"start":{"line":4,"column":2},"end":{"line":4,"column":3}},"loc":{"start":{"line":4,"column":16},"end":{"line":6,"column":3}},"line":4},"1":{"name":"(anonymous_1)","decl":{"start":{"line":8,"column":2},"end":{"line":8,"column":3}},"loc":{"start":{"line":8,"column":35},"end":{"line":16,"column":3}},"line":8},"2":{"name":"(anonymous_2)","decl":{"start":{"line":18,"column":2},"end":{"line":18,"column":3}},"loc":{"start":{"line":18,"column":10},"end":{"line":20,"column":3}},"line":18},"3":{"name":"(anonymous_3)","decl":{"start":{"line":22,"column":2},"end":{"line":22,"column":3}},"loc":{"start":{"line":22,"column":16},"end":{"line":26,"column":3}},"line":22},"4":{"name":"(anonymous_4)","decl":{"start":{"line":24,"column":20},"end":{"line":24,"column":21}},"loc":{"start":{"line":24,"column":32},"end":{"line":24,"column":66}},"line":24},"5":{"name":"(anonymous_5)","decl":{"start":{"line":28,"column":2},"end":{"line":28,"column":3}},"loc":{"start":{"line":28,"column":8},"end":{"line":30,"column":3}},"line":28}},"branchMap":{},"s":{"0":1,"1":3,"2":1,"3":2,"4":2,"5":6,"6":2,"7":2},"f":{"0":1,"1":3,"2":1,"3":2,"4":6,"5":2},"b":{},"_coverageSchema":"332fd63041d2c1bcb487cc26dd0d5f7d97098a6c","hash":"837e90fca78b28f734803640500a764de3f4fd0f"}
,"/Users/andeladeveloper/Documents/mynewsfeedapp/src/models/sources.js": {"path":"/Users/andeladeveloper/Documents/mynewsfeedapp/src/models/sources.js","statementMap":{"0":{"start":{"line":5,"column":4},"end":{"line":5,"column":22}},"1":{"start":{"line":9,"column":4},"end":{"line":15,"column":7}},"2":{"start":{"line":19,"column":15},"end":{"line":19,"column":52}},"3":{"start":{"line":20,"column":20},"end":{"line":20,"column":59}},"4":{"start":{"line":20,"column":34},"end":{"line":20,"column":57}},"5":{"start":{"line":21,"column":4},"end":{"line":21,"column":43}},"6":{"start":{"line":25,"column":4},"end":{"line":25,"column":24}},"7":{"start":{"line":29,"column":4},"end":{"line":29,"column":31}}},"fnMap":{"0":{"name":"(anonymous_0)","decl":{"start":{"line":4,"column":2},"end":{"line":4,"column":3}},"loc":{"start":{"line":4,"column":16},"end":{"line":6,"column":3}},"line":4},"1":{"name":"(anonymous_1)","decl":{"start":{"line":8,"column":2},"end":{"line":8,"column":3}},"loc":{"start":{"line":8,"column":28},"end":{"line":16,"column":3}},"line":8},"2":{"name":"(anonymous_2)","decl":{"start":{"line":18,"column":2},"end":{"line":18,"column":3}},"loc":{"start":{"line":18,"column":15},"end":{"line":22,"column":3}},"line":18},"3":{"name":"(anonymous_3)","decl":{"start":{"line":20,"column":20},"end":{"line":20,"column":21}},"loc":{"start":{"line":20,"column":32},"end":{"line":20,"column":59}},"line":20},"4":{"name":"(anonymous_4)","decl":{"start":{"line":24,"column":2},"end":{"line":24,"column":3}},"loc":{"start":{"line":24,"column":8},"end":{"line":26,"column":3}},"line":24},"5":{"name":"(anonymous_5)","decl":{"start":{"line":28,"column":2},"end":{"line":28,"column":3}},"loc":{"start":{"line":28,"column":10},"end":{"line":30,"column":3}},"line":28}},"branchMap":{},"s":{"0":1,"1":2,"2":0,"3":0,"4":0,"5":0,"6":1,"7":1},"f":{"0":1,"1":2,"2":0,"3":0,"4":1,"5":1},"b":{},"_coverageSchema":"332fd63041d2c1bcb487cc26dd0d5f7d97098a6c","hash":"ffdd06f7a2882b88fefd26c368e6523e34a68ff9"}
,"/Users/andeladeveloper/Documents/mynewsfeedapp/src/models/user.js": {"path":"/Users/andeladeveloper/Documents/mynewsfeedapp/src/models/user.js","statementMap":{"0":{"start":{"line":6,"column":4},"end":{"line":6,"column":113}},"1":{"start":{"line":7,"column":4},"end":{"line":7,"column":37}},"2":{"start":{"line":8,"column":4},"end":{"line":8,"column":19}},"3":{"start":{"line":9,"column":4},"end":{"line":9,"column":23}},"4":{"start":{"line":10,"column":4},"end":{"line":10,"column":20}},"5":{"start":{"line":11,"column":4},"end":{"line":11,"column":28}},"6":{"start":{"line":15,"column":4},"end":{"line":15,"column":44}},"7":{"start":{"line":19,"column":4},"end":{"line":23,"column":5}},"8":{"start":{"line":20,"column":6},"end":{"line":20,"column":40}},"9":{"start":{"line":21,"column":6},"end":{"line":21,"column":42}},"10":{"start":{"line":22,"column":6},"end":{"line":22,"column":48}},"11":{"start":{"line":27,"column":4},"end":{"line":27,"column":19}},"12":{"start":{"line":28,"column":4},"end":{"line":28,"column":20}},"13":{"start":{"line":29,"column":4},"end":{"line":29,"column":23}},"14":{"start":{"line":33,"column":4},"end":{"line":33,"column":103}},"15":{"start":{"line":34,"column":4},"end":{"line":36,"column":5}},"16":{"start":{"line":35,"column":6},"end":{"line":35,"column":37}},"17":{"start":{"line":37,"column":4},"end":{"line":37,"column":60}},"18":{"start":{"line":38,"column":4},"end":{"line":38,"column":24}},"19":{"start":{"line":39,"column":4},"end":{"line":39,"column":28}},"20":{"start":{"line":43,"column":4},"end":{"line":43,"column":25}},"21":{"start":{"line":44,"column":4},"end":{"line":44,"column":32}},"22":{"start":{"line":45,"column":4},"end":{"line":45,"column":29}},"23":{"start":{"line":46,"column":4},"end":{"line":46,"column":16}},"24":{"start":{"line":50,"column":4},"end":{"line":50,"column":38}}},"fnMap":{"0":{"name":"(anonymous_0)","decl":{"start":{"line":5,"column":2},"end":{"line":5,"column":3}},"loc":{"start":{"line":5,"column":16},"end":{"line":12,"column":3}},"line":5},"1":{"name":"(anonymous_1)","decl":{"start":{"line":14,"column":2},"end":{"line":14,"column":3}},"loc":{"start":{"line":14,"column":15},"end":{"line":16,"column":3}},"line":14},"2":{"name":"(anonymous_2)","decl":{"start":{"line":18,"column":2},"end":{"line":18,"column":3}},"loc":{"start":{"line":18,"column":21},"end":{"line":24,"column":3}},"line":18},"3":{"name":"(anonymous_3)","decl":{"start":{"line":26,"column":2},"end":{"line":26,"column":3}},"loc":{"start":{"line":26,"column":22},"end":{"line":30,"column":3}},"line":26},"4":{"name":"(anonymous_4)","decl":{"start":{"line":32,"column":2},"end":{"line":32,"column":3}},"loc":{"start":{"line":32,"column":17},"end":{"line":40,"column":3}},"line":32},"5":{"name":"(anonymous_5)","decl":{"start":{"line":42,"column":2},"end":{"line":42,"column":3}},"loc":{"start":{"line":42,"column":11},"end":{"line":47,"column":3}},"line":42},"6":{"name":"(anonymous_6)","decl":{"start":{"line":49,"column":2},"end":{"line":49,"column":3}},"loc":{"start":{"line":49,"column":15},"end":{"line":51,"column":3}},"line":49}},"branchMap":{"0":{"loc":{"start":{"line":6,"column":23},"end":{"line":6,"column":112}},"type":"cond-expr","locations":[{"start":{"line":6,"column":64},"end":{"line":6,"column":73}},{"start":{"line":6,"column":76},"end":{"line":6,"column":112}}],"line":6},"1":{"loc":{"start":{"line":19,"column":4},"end":{"line":23,"column":5}},"type":"if","locations":[{"start":{"line":19,"column":4},"end":{"line":23,"column":5}},{"start":{"line":19,"column":4},"end":{"line":23,"column":5}}],"line":19},"2":{"loc":{"start":{"line":34,"column":4},"end":{"line":36,"column":5}},"type":"if","locations":[{"start":{"line":34,"column":4},"end":{"line":36,"column":5}},{"start":{"line":34,"column":4},"end":{"line":36,"column":5}}],"line":34}},"s":{"0":1,"1":1,"2":1,"3":1,"4":1,"5":1,"6":2,"7":2,"8":1,"9":1,"10":1,"11":1,"12":1,"13":1,"14":1,"15":1,"16":1,"17":1,"18":1,"19":1,"20":1,"21":1,"22":1,"23":1,"24":0},"f":{"0":1,"1":2,"2":2,"3":1,"4":1,"5":1,"6":0},"b":{"0":[1,0],"1":[1,1],"2":[1,0]},"_coverageSchema":"332fd63041d2c1bcb487cc26dd0d5f7d97098a6c","hash":"37eb22eda64760a994c41db4b08001c51af62470"}
,"/Users/andeladeveloper/Documents/mynewsfeedapp/src/stores/FavouritesStore.js": {"path":"/Users/andeladeveloper/Documents/mynewsfeedapp/src/stores/FavouritesStore.js","statementMap":{"0":{"start":{"line":6,"column":21},"end":{"line":6,"column":29}},"1":{"start":{"line":7,"column":24},"end":{"line":25,"column":2}},"2":{"start":{"line":10,"column":4},"end":{"line":10,"column":27}},"3":{"start":{"line":14,"column":4},"end":{"line":14,"column":28}},"4":{"start":{"line":18,"column":4},"end":{"line":18,"column":36}},"5":{"start":{"line":22,"column":4},"end":{"line":22,"column":48}},"6":{"start":{"line":26,"column":0},"end":{"line":37,"column":3}},"7":{"start":{"line":27,"column":2},"end":{"line":34,"column":3}},"8":{"start":{"line":29,"column":4},"end":{"line":29,"column":27}},"9":{"start":{"line":30,"column":6},"end":{"line":30,"column":35}},"10":{"start":{"line":31,"column":6},"end":{"line":31,"column":12}},"11":{"start":{"line":33,"column":6},"end":{"line":33,"column":12}},"12":{"start":{"line":36,"column":2},"end":{"line":36,"column":14}}},"fnMap":{"0":{"name":"(anonymous_0)","decl":{"start":{"line":26,"column":23},"end":{"line":26,"column":24}},"loc":{"start":{"line":26,"column":36},"end":{"line":37,"column":1}},"line":26}},"branchMap":{"0":{"loc":{"start":{"line":27,"column":2},"end":{"line":34,"column":3}},"type":"switch","locations":[{"start":{"line":28,"column":4},"end":{"line":31,"column":12}},{"start":{"line":32,"column":4},"end":{"line":33,"column":12}}],"line":27}},"s":{"0":1,"1":1,"2":0,"3":0,"4":0,"5":0,"6":1,"7":0,"8":0,"9":0,"10":0,"11":0,"12":0},"f":{"0":0},"b":{"0":[0,0]},"_coverageSchema":"332fd63041d2c1bcb487cc26dd0d5f7d97098a6c","hash":"ec3ff7b8038f90b7941e223ab5e2d23c13ee7266"}
,"/Users/andeladeveloper/Documents/mynewsfeedapp/src/stores/NewsSourcesStore.js": {"path":"/Users/andeladeveloper/Documents/mynewsfeedapp/src/stores/NewsSourcesStore.js","statementMap":{"0":{"start":{"line":6,"column":21},"end":{"line":6,"column":29}},"1":{"start":{"line":7,"column":25},"end":{"line":25,"column":2}},"2":{"start":{"line":10,"column":4},"end":{"line":10,"column":24}},"3":{"start":{"line":14,"column":4},"end":{"line":14,"column":28}},"4":{"start":{"line":18,"column":4},"end":{"line":18,"column":36}},"5":{"start":{"line":22,"column":4},"end":{"line":22,"column":48}},"6":{"start":{"line":26,"column":0},"end":{"line":37,"column":3}},"7":{"start":{"line":27,"column":2},"end":{"line":34,"column":3}},"8":{"start":{"line":29,"column":6},"end":{"line":29,"column":49}},"9":{"start":{"line":30,"column":6},"end":{"line":30,"column":36}},"10":{"start":{"line":31,"column":6},"end":{"line":31,"column":12}},"11":{"start":{"line":33,"column":6},"end":{"line":33,"column":12}},"12":{"start":{"line":36,"column":2},"end":{"line":36,"column":14}}},"fnMap":{"0":{"name":"(anonymous_0)","decl":{"start":{"line":26,"column":23},"end":{"line":26,"column":24}},"loc":{"start":{"line":26,"column":36},"end":{"line":37,"column":1}},"line":26}},"branchMap":{"0":{"loc":{"start":{"line":27,"column":2},"end":{"line":34,"column":3}},"type":"switch","locations":[{"start":{"line":28,"column":4},"end":{"line":31,"column":12}},{"start":{"line":32,"column":4},"end":{"line":33,"column":12}}],"line":27}},"s":{"0":1,"1":1,"2":0,"3":0,"4":0,"5":0,"6":1,"7":0,"8":0,"9":0,"10":0,"11":0,"12":0},"f":{"0":0},"b":{"0":[0,0]},"_coverageSchema":"332fd63041d2c1bcb487cc26dd0d5f7d97098a6c","hash":"b2dcb86fe3a2170029cc861715dd90641b0f88fe"}
,"/Users/andeladeveloper/Documents/mynewsfeedapp/src/stores/NewsStore.js": {"path":"/Users/andeladeveloper/Documents/mynewsfeedapp/src/stores/NewsStore.js","statementMap":{"0":{"start":{"line":6,"column":21},"end":{"line":6,"column":29}},"1":{"start":{"line":7,"column":18},"end":{"line":25,"column":2}},"2":{"start":{"line":10,"column":4},"end":{"line":10,"column":21}},"3":{"start":{"line":14,"column":4},"end":{"line":14,"column":28}},"4":{"start":{"line":18,"column":4},"end":{"line":18,"column":36}},"5":{"start":{"line":22,"column":4},"end":{"line":22,"column":48}},"6":{"start":{"line":26,"column":0},"end":{"line":37,"column":3}},"7":{"start":{"line":27,"column":2},"end":{"line":34,"column":3}},"8":{"start":{"line":29,"column":6},"end":{"line":29,"column":36}},"9":{"start":{"line":30,"column":6},"end":{"line":30,"column":29}},"10":{"start":{"line":31,"column":6},"end":{"line":31,"column":12}},"11":{"start":{"line":33,"column":6},"end":{"line":33,"column":12}},"12":{"start":{"line":36,"column":2},"end":{"line":36,"column":14}}},"fnMap":{"0":{"name":"(anonymous_0)","decl":{"start":{"line":26,"column":23},"end":{"line":26,"column":24}},"loc":{"start":{"line":26,"column":36},"end":{"line":37,"column":1}},"line":26}},"branchMap":{"0":{"loc":{"start":{"line":27,"column":2},"end":{"line":34,"column":3}},"type":"switch","locations":[{"start":{"line":28,"column":4},"end":{"line":31,"column":12}},{"start":{"line":32,"column":4},"end":{"line":33,"column":12}}],"line":27}},"s":{"0":1,"1":1,"2":0,"3":0,"4":0,"5":0,"6":1,"7":0,"8":0,"9":0,"10":0,"11":0,"12":0},"f":{"0":0},"b":{"0":[0,0]},"_coverageSchema":"332fd63041d2c1bcb487cc26dd0d5f7d97098a6c","hash":"ced5bf72bd703cd36ad58c4a9dc0a91215945d19"}
,"/Users/andeladeveloper/Documents/mynewsfeedapp/src/views/ArticlesView.js": {"path":"/Users/andeladeveloper/Documents/mynewsfeedapp/src/views/ArticlesView.js","statementMap":{"0":{"start":{"line":15,"column":16},"end":{"line":17,"column":2}},"1":{"start":{"line":18,"column":16},"end":{"line":25,"column":1}},"2":{"start":{"line":27,"column":23},"end":{"line":40,"column":1}},"3":{"start":{"line":28,"column":16},"end":{"line":28,"column":58}},"4":{"start":{"line":29,"column":17},"end":{"line":29,"column":19}},"5":{"start":{"line":30,"column":12},"end":{"line":30,"column":13}},"6":{"start":{"line":31,"column":2},"end":{"line":38,"column":5}},"7":{"start":{"line":32,"column":4},"end":{"line":36,"column":7}},"8":{"start":{"line":37,"column":4},"end":{"line":37,"column":13}},"9":{"start":{"line":39,"column":2},"end":{"line":39,"column":16}},"10":{"start":{"line":44,"column":4},"end":{"line":44,"column":17}},"11":{"start":{"line":45,"column":4},"end":{"line":48,"column":6}},"12":{"start":{"line":49,"column":4},"end":{"line":49,"column":45}},"13":{"start":{"line":50,"column":4},"end":{"line":50,"column":55}},"14":{"start":{"line":51,"column":4},"end":{"line":51,"column":53}},"15":{"start":{"line":55,"column":4},"end":{"line":57,"column":5}},"16":{"start":{"line":56,"column":6},"end":{"line":56,"column":24}},"17":{"start":{"line":58,"column":4},"end":{"line":58,"column":51}},"18":{"start":{"line":62,"column":4},"end":{"line":62,"column":47}},"19":{"start":{"line":67,"column":4},"end":{"line":67,"column":25}},"20":{"start":{"line":71,"column":4},"end":{"line":75,"column":7}},"21":{"start":{"line":79,"column":4},"end":{"line":79,"column":38}},"22":{"start":{"line":83,"column":4},"end":{"line":83,"column":58}},"23":{"start":{"line":87,"column":4},"end":{"line":87,"column":50}},"24":{"start":{"line":92,"column":6},"end":{"line":94,"column":13}},"25":{"start":{"line":96,"column":22},"end":{"line":96,"column":64}},"26":{"start":{"line":97,"column":27},"end":{"line":97,"column":37}},"27":{"start":{"line":98,"column":4},"end":{"line":122,"column":6}},"28":{"start":{"line":115,"column":18},"end":{"line":115,"column":72}}},"fnMap":{"0":{"name":"(anonymous_0)","decl":{"start":{"line":27,"column":23},"end":{"line":27,"column":24}},"loc":{"start":{"line":27,"column":33},"end":{"line":40,"column":1}},"line":27},"1":{"name":"(anonymous_1)","decl":{"start":{"line":31,"column":16},"end":{"line":31,"column":17}},"loc":{"start":{"line":31,"column":26},"end":{"line":38,"column":3}},"line":31},"2":{"name":"(anonymous_2)","decl":{"start":{"line":43,"column":2},"end":{"line":43,"column":3}},"loc":{"start":{"line":43,"column":21},"end":{"line":52,"column":3}},"line":43},"3":{"name":"(anonymous_3)","decl":{"start":{"line":54,"column":2},"end":{"line":54,"column":3}},"loc":{"start":{"line":54,"column":23},"end":{"line":59,"column":3}},"line":54},"4":{"name":"(anonymous_4)","decl":{"start":{"line":61,"column":2},"end":{"line":61,"column":3}},"loc":{"start":{"line":61,"column":22},"end":{"line":63,"column":3}},"line":61},"5":{"name":"(anonymous_5)","decl":{"start":{"line":66,"column":2},"end":{"line":66,"column":3}},"loc":{"start":{"line":66,"column":13},"end":{"line":68,"column":3}},"line":66},"6":{"name":"(anonymous_6)","decl":{"start":{"line":70,"column":2},"end":{"line":70,"column":3}},"loc":{"start":{"line":70,"column":18},"end":{"line":76,"column":3}},"line":70},"7":{"name":"(anonymous_7)","decl":{"start":{"line":78,"column":2},"end":{"line":78,"column":3}},"loc":{"start":{"line":78,"column":14},"end":{"line":80,"column":3}},"line":78},"8":{"name":"(anonymous_8)","decl":{"start":{"line":82,"column":2},"end":{"line":82,"column":3}},"loc":{"start":{"line":82,"column":29},"end":{"line":84,"column":3}},"line":82},"9":{"name":"(anonymous_9)","decl":{"start":{"line":86,"column":2},"end":{"line":86,"column":3}},"loc":{"start":{"line":86,"column":25},"end":{"line":88,"column":3}},"line":86},"10":{"name":"(anonymous_10)","decl":{"start":{"line":90,"column":2},"end":{"line":90,"column":3}},"loc":{"start":{"line":90,"column":11},"end":{"line":123,"column":3}},"line":90},"11":{"name":"(anonymous_11)","decl":{"start":{"line":114,"column":37},"end":{"line":114,"column":38}},"loc":{"start":{"line":114,"column":57},"end":{"line":116,"column":17}},"line":114}},"branchMap":{"0":{"loc":{"start":{"line":55,"column":4},"end":{"line":57,"column":5}},"type":"if","locations":[{"start":{"line":55,"column":4},"end":{"line":57,"column":5}},{"start":{"line":55,"column":4},"end":{"line":57,"column":5}}],"line":55}},"s":{"0":1,"1":1,"2":1,"3":0,"4":0,"5":0,"6":0,"7":0,"8":0,"9":0,"10":0,"11":0,"12":0,"13":0,"14":0,"15":0,"16":0,"17":0,"18":0,"19":0,"20":0,"21":0,"22":0,"23":0,"24":0,"25":0,"26":0,"27":0,"28":0},"f":{"0":0,"1":0,"2":0,"3":0,"4":0,"5":0,"6":0,"7":0,"8":0,"9":0,"10":0,"11":0},"b":{"0":[0,0]},"_coverageSchema":"332fd63041d2c1bcb487cc26dd0d5f7d97098a6c","hash":"0b34bb90117b59d0027bb775830fa9689caf6f2b"}
,"/Users/andeladeveloper/Documents/mynewsfeedapp/src/views/CollectionView.js": {"path":"/Users/andeladeveloper/Documents/mynewsfeedapp/src/views/CollectionView.js","statementMap":{"0":{"start":{"line":15,"column":16},"end":{"line":17,"column":2}},"1":{"start":{"line":18,"column":16},"end":{"line":25,"column":1}},"2":{"start":{"line":27,"column":23},"end":{"line":40,"column":1}},"3":{"start":{"line":28,"column":16},"end":{"line":28,"column":58}},"4":{"start":{"line":29,"column":17},"end":{"line":29,"column":19}},"5":{"start":{"line":30,"column":12},"end":{"line":30,"column":13}},"6":{"start":{"line":31,"column":2},"end":{"line":38,"column":5}},"7":{"start":{"line":32,"column":4},"end":{"line":36,"column":7}},"8":{"start":{"line":37,"column":4},"end":{"line":37,"column":13}},"9":{"start":{"line":39,"column":2},"end":{"line":39,"column":16}},"10":{"start":{"line":44,"column":4},"end":{"line":44,"column":17}},"11":{"start":{"line":45,"column":4},"end":{"line":48,"column":6}},"12":{"start":{"line":49,"column":4},"end":{"line":49,"column":45}},"13":{"start":{"line":50,"column":4},"end":{"line":50,"column":55}},"14":{"start":{"line":51,"column":4},"end":{"line":51,"column":53}},"15":{"start":{"line":55,"column":4},"end":{"line":57,"column":5}},"16":{"start":{"line":56,"column":6},"end":{"line":56,"column":24}},"17":{"start":{"line":58,"column":5},"end":{"line":58,"column":51}},"18":{"start":{"line":62,"column":4},"end":{"line":62,"column":47}},"19":{"start":{"line":67,"column":4},"end":{"line":67,"column":25}},"20":{"start":{"line":71,"column":4},"end":{"line":75,"column":7}},"21":{"start":{"line":79,"column":4},"end":{"line":79,"column":38}},"22":{"start":{"line":83,"column":4},"end":{"line":83,"column":58}},"23":{"start":{"line":87,"column":4},"end":{"line":87,"column":50}},"24":{"start":{"line":92,"column":6},"end":{"line":94,"column":13}},"25":{"start":{"line":96,"column":33},"end":{"line":96,"column":43}},"26":{"start":{"line":97,"column":4},"end":{"line":111,"column":6}}},"fnMap":{"0":{"name":"(anonymous_0)","decl":{"start":{"line":27,"column":23},"end":{"line":27,"column":24}},"loc":{"start":{"line":27,"column":33},"end":{"line":40,"column":1}},"line":27},"1":{"name":"(anonymous_1)","decl":{"start":{"line":31,"column":16},"end":{"line":31,"column":17}},"loc":{"start":{"line":31,"column":26},"end":{"line":38,"column":3}},"line":31},"2":{"name":"(anonymous_2)","decl":{"start":{"line":43,"column":2},"end":{"line":43,"column":3}},"loc":{"start":{"line":43,"column":21},"end":{"line":52,"column":3}},"line":43},"3":{"name":"(anonymous_3)","decl":{"start":{"line":54,"column":2},"end":{"line":54,"column":3}},"loc":{"start":{"line":54,"column":23},"end":{"line":59,"column":3}},"line":54},"4":{"name":"(anonymous_4)","decl":{"start":{"line":61,"column":2},"end":{"line":61,"column":3}},"loc":{"start":{"line":61,"column":22},"end":{"line":63,"column":3}},"line":61},"5":{"name":"(anonymous_5)","decl":{"start":{"line":66,"column":2},"end":{"line":66,"column":3}},"loc":{"start":{"line":66,"column":13},"end":{"line":68,"column":3}},"line":66},"6":{"name":"(anonymous_6)","decl":{"start":{"line":70,"column":2},"end":{"line":70,"column":3}},"loc":{"start":{"line":70,"column":18},"end":{"line":76,"column":3}},"line":70},"7":{"name":"(anonymous_7)","decl":{"start":{"line":78,"column":2},"end":{"line":78,"column":3}},"loc":{"start":{"line":78,"column":14},"end":{"line":80,"column":3}},"line":78},"8":{"name":"(anonymous_8)","decl":{"start":{"line":82,"column":2},"end":{"line":82,"column":3}},"loc":{"start":{"line":82,"column":29},"end":{"line":84,"column":3}},"line":82},"9":{"name":"(anonymous_9)","decl":{"start":{"line":86,"column":2},"end":{"line":86,"column":3}},"loc":{"start":{"line":86,"column":25},"end":{"line":88,"column":3}},"line":86},"10":{"name":"(anonymous_10)","decl":{"start":{"line":90,"column":2},"end":{"line":90,"column":3}},"loc":{"start":{"line":90,"column":11},"end":{"line":112,"column":3}},"line":90}},"branchMap":{"0":{"loc":{"start":{"line":55,"column":4},"end":{"line":57,"column":5}},"type":"if","locations":[{"start":{"line":55,"column":4},"end":{"line":57,"column":5}},{"start":{"line":55,"column":4},"end":{"line":57,"column":5}}],"line":55}},"s":{"0":1,"1":1,"2":1,"3":0,"4":0,"5":0,"6":0,"7":0,"8":0,"9":0,"10":0,"11":0,"12":0,"13":0,"14":0,"15":0,"16":0,"17":0,"18":0,"19":0,"20":0,"21":0,"22":0,"23":0,"24":0,"25":0,"26":0},"f":{"0":0,"1":0,"2":0,"3":0,"4":0,"5":0,"6":0,"7":0,"8":0,"9":0,"10":0},"b":{"0":[0,0]},"_coverageSchema":"332fd63041d2c1bcb487cc26dd0d5f7d97098a6c","hash":"a080b28a0322c7876369b0b6546ebf0ed99d1a4f"}
,"/Users/andeladeveloper/Documents/mynewsfeedapp/src/views/HomeView.js": {"path":"/Users/andeladeveloper/Documents/mynewsfeedapp/src/views/HomeView.js","statementMap":{"0":{"start":{"line":8,"column":16},"end":{"line":10,"column":2}},"1":{"start":{"line":14,"column":4},"end":{"line":16,"column":5}},"2":{"start":{"line":15,"column":6},"end":{"line":15,"column":32}},"3":{"start":{"line":20,"column":4},"end":{"line":20,"column":36}},"4":{"start":{"line":21,"column":4},"end":{"line":21,"column":30}},"5":{"start":{"line":25,"column":4},"end":{"line":68,"column":6}}},"fnMap":{"0":{"name":"(anonymous_0)","decl":{"start":{"line":13,"column":2},"end":{"line":13,"column":3}},"loc":{"start":{"line":13,"column":23},"end":{"line":17,"column":3}},"line":13},"1":{"name":"(anonymous_1)","decl":{"start":{"line":19,"column":2},"end":{"line":19,"column":3}},"loc":{"start":{"line":19,"column":27},"end":{"line":22,"column":3}},"line":19},"2":{"name":"(anonymous_2)","decl":{"start":{"line":24,"column":2},"end":{"line":24,"column":3}},"loc":{"start":{"line":24,"column":11},"end":{"line":69,"column":3}},"line":24}},"branchMap":{"0":{"loc":{"start":{"line":14,"column":4},"end":{"line":16,"column":5}},"type":"if","locations":[{"start":{"line":14,"column":4},"end":{"line":16,"column":5}},{"start":{"line":14,"column":4},"end":{"line":16,"column":5}}],"line":14}},"s":{"0":1,"1":0,"2":0,"3":0,"4":0,"5":0},"f":{"0":0,"1":0,"2":0},"b":{"0":[0,0]},"_coverageSchema":"332fd63041d2c1bcb487cc26dd0d5f7d97098a6c","hash":"3a115b2d3d431db5696397593c57bd8740608df4"}
,"/Users/andeladeveloper/Documents/mynewsfeedapp/src/views/Logout.js": {"path":"/Users/andeladeveloper/Documents/mynewsfeedapp/src/views/Logout.js","statementMap":{"0":{"start":{"line":4,"column":16},"end":{"line":6,"column":2}},"1":{"start":{"line":10,"column":21},"end":{"line":10,"column":31}},"2":{"start":{"line":11,"column":4},"end":{"line":11,"column":18}},"3":{"start":{"line":12,"column":4},"end":{"line":12,"column":22}}},"fnMap":{"0":{"name":"(anonymous_0)","decl":{"start":{"line":9,"column":2},"end":{"line":9,"column":3}},"loc":{"start":{"line":9,"column":23},"end":{"line":13,"column":3}},"line":9}},"branchMap":{},"s":{"0":1,"1":0,"2":0,"3":0},"f":{"0":0},"b":{},"_coverageSchema":"332fd63041d2c1bcb487cc26dd0d5f7d97098a6c","hash":"08417e02d71e70690c69b18cfc340bd118752803"}
,"/Users/andeladeveloper/Documents/mynewsfeedapp/src/views/SourcesView.js": {"path":"/Users/andeladeveloper/Documents/mynewsfeedapp/src/views/SourcesView.js","statementMap":{"0":{"start":{"line":12,"column":16},"end":{"line":14,"column":2}},"1":{"start":{"line":15,"column":16},"end":{"line":22,"column":1}},"2":{"start":{"line":26,"column":4},"end":{"line":26,"column":17}},"3":{"start":{"line":27,"column":4},"end":{"line":30,"column":6}},"4":{"start":{"line":31,"column":4},"end":{"line":31,"column":45}},"5":{"start":{"line":32,"column":4},"end":{"line":32,"column":65}},"6":{"start":{"line":33,"column":4},"end":{"line":33,"column":55}},"7":{"start":{"line":38,"column":4},"end":{"line":40,"column":5}},"8":{"start":{"line":39,"column":6},"end":{"line":39,"column":24}},"9":{"start":{"line":41,"column":4},"end":{"line":41,"column":28}},"10":{"start":{"line":45,"column":4},"end":{"line":45,"column":54}},"11":{"start":{"line":50,"column":4},"end":{"line":50,"column":25}},"12":{"start":{"line":55,"column":4},"end":{"line":58,"column":7}},"13":{"start":{"line":62,"column":4},"end":{"line":62,"column":57}},"14":{"start":{"line":66,"column":4},"end":{"line":70,"column":7}},"15":{"start":{"line":74,"column":4},"end":{"line":77,"column":7}},"16":{"start":{"line":79,"column":4},"end":{"line":88,"column":12}},"17":{"start":{"line":80,"column":6},"end":{"line":80,"column":68}},"18":{"start":{"line":80,"column":39},"end":{"line":80,"column":68}},"19":{"start":{"line":81,"column":17},"end":{"line":81,"column":66}},"20":{"start":{"line":82,"column":22},"end":{"line":82,"column":68}},"21":{"start":{"line":82,"column":36},"end":{"line":82,"column":66}},"22":{"start":{"line":83,"column":6},"end":{"line":86,"column":9}},"23":{"start":{"line":87,"column":6},"end":{"line":87,"column":18}},"24":{"start":{"line":96,"column":9},"end":{"line":96,"column":19}},"25":{"start":{"line":97,"column":27},"end":{"line":97,"column":37}},"26":{"start":{"line":99,"column":6},"end":{"line":101,"column":13}},"27":{"start":{"line":103,"column":4},"end":{"line":135,"column":6}},"28":{"start":{"line":127,"column":20},"end":{"line":127,"column":71}}},"fnMap":{"0":{"name":"(anonymous_0)","decl":{"start":{"line":25,"column":2},"end":{"line":25,"column":3}},"loc":{"start":{"line":25,"column":21},"end":{"line":34,"column":3}},"line":25},"1":{"name":"(anonymous_1)","decl":{"start":{"line":37,"column":2},"end":{"line":37,"column":3}},"loc":{"start":{"line":37,"column":23},"end":{"line":42,"column":3}},"line":37},"2":{"name":"(anonymous_2)","decl":{"start":{"line":44,"column":2},"end":{"line":44,"column":3}},"loc":{"start":{"line":44,"column":22},"end":{"line":46,"column":3}},"line":44},"3":{"name":"(anonymous_3)","decl":{"start":{"line":49,"column":2},"end":{"line":49,"column":3}},"loc":{"start":{"line":49,"column":13},"end":{"line":51,"column":3}},"line":49},"4":{"name":"(anonymous_4)","decl":{"start":{"line":54,"column":2},"end":{"line":54,"column":3}},"loc":{"start":{"line":54,"column":18},"end":{"line":59,"column":3}},"line":54},"5":{"name":"(anonymous_5)","decl":{"start":{"line":61,"column":2},"end":{"line":61,"column":3}},"loc":{"start":{"line":61,"column":25},"end":{"line":63,"column":3}},"line":61},"6":{"name":"(anonymous_6)","decl":{"start":{"line":65,"column":2},"end":{"line":65,"column":3}},"loc":{"start":{"line":65,"column":19},"end":{"line":71,"column":3}},"line":65},"7":{"name":"(anonymous_7)","decl":{"start":{"line":73,"column":2},"end":{"line":73,"column":3}},"loc":{"start":{"line":73,"column":29},"end":{"line":89,"column":3}},"line":73},"8":{"name":"(anonymous_8)","decl":{"start":{"line":79,"column":15},"end":{"line":79,"column":16}},"loc":{"start":{"line":79,"column":21},"end":{"line":88,"column":5}},"line":79},"9":{"name":"(anonymous_9)","decl":{"start":{"line":82,"column":22},"end":{"line":82,"column":23}},"loc":{"start":{"line":82,"column":34},"end":{"line":82,"column":68}},"line":82},"10":{"name":"(anonymous_10)","decl":{"start":{"line":91,"column":2},"end":{"line":91,"column":3}},"loc":{"start":{"line":91,"column":11},"end":{"line":136,"column":3}},"line":91},"11":{"name":"(anonymous_11)","decl":{"start":{"line":126,"column":42},"end":{"line":126,"column":43}},"loc":{"start":{"line":126,"column":61},"end":{"line":128,"column":19}},"line":126}},"branchMap":{"0":{"loc":{"start":{"line":38,"column":4},"end":{"line":40,"column":5}},"type":"if","locations":[{"start":{"line":38,"column":4},"end":{"line":40,"column":5}},{"start":{"line":38,"column":4},"end":{"line":40,"column":5}}],"line":38},"1":{"loc":{"start":{"line":80,"column":6},"end":{"line":80,"column":68}},"type":"if","locations":[{"start":{"line":80,"column":6},"end":{"line":80,"column":68}},{"start":{"line":80,"column":6},"end":{"line":80,"column":68}}],"line":80}},"s":{"0":1,"1":1,"2":0,"3":0,"4":0,"5":0,"6":0,"7":0,"8":0,"9":0,"10":0,"11":0,"12":0,"13":0,"14":0,"15":0,"16":0,"17":0,"18":0,"19":0,"20":0,"21":0,"22":0,"23":0,"24":0,"25":0,"26":0,"27":0,"28":0},"f":{"0":0,"1":0,"2":0,"3":0,"4":0,"5":0,"6":0,"7":0,"8":0,"9":0,"10":0,"11":0},"b":{"0":[0,0],"1":[0,0]},"_coverageSchema":"332fd63041d2c1bcb487cc26dd0d5f7d97098a6c","hash":"f26c2346d17d53c6c3d51670702207043884ba9b"}
,"/Users/andeladeveloper/Documents/mynewsfeedapp/src/views/templates/AppBar.js": {"path":"/Users/andeladeveloper/Documents/mynewsfeedapp/src/views/templates/AppBar.js","statementMap":{"0":{"start":{"line":6,"column":4},"end":{"line":19,"column":6}}},"fnMap":{"0":{"name":"(anonymous_0)","decl":{"start":{"line":5,"column":2},"end":{"line":5,"column":3}},"loc":{"start":{"line":5,"column":11},"end":{"line":20,"column":3}},"line":5}},"branchMap":{},"s":{"0":0},"f":{"0":0},"b":{},"_coverageSchema":"332fd63041d2c1bcb487cc26dd0d5f7d97098a6c","hash":"835a62738b31a1271fce9f64edc00be6b74b30a1"}
,"/Users/andeladeveloper/Documents/mynewsfeedapp/src/views/templates/ArticleItem.js": {"path":"/Users/andeladeveloper/Documents/mynewsfeedapp/src/views/templates/ArticleItem.js","statementMap":{"0":{"start":{"line":13,"column":4},"end":{"line":13,"column":16}},"1":{"start":{"line":14,"column":21},"end":{"line":14,"column":50}},"2":{"start":{"line":15,"column":23},"end":{"line":15,"column":50}},"3":{"start":{"line":16,"column":21},"end":{"line":16,"column":50}},"4":{"start":{"line":17,"column":20},"end":{"line":17,"column":48}},"5":{"start":{"line":21,"column":24},"end":{"line":21,"column":34}},"6":{"start":{"line":22,"column":4},"end":{"line":62,"column":6}}},"fnMap":{"0":{"name":"(anonymous_0)","decl":{"start":{"line":20,"column":2},"end":{"line":20,"column":3}},"loc":{"start":{"line":20,"column":11},"end":{"line":63,"column":3}},"line":20}},"branchMap":{},"s":{"0":1,"1":1,"2":1,"3":1,"4":1,"5":0,"6":0},"f":{"0":0},"b":{},"_coverageSchema":"332fd63041d2c1bcb487cc26dd0d5f7d97098a6c","hash":"e24e0c1fe4eeb0757e7e8865cac6f0eb1a73d133"}
,"/Users/andeladeveloper/Documents/mynewsfeedapp/src/views/templates/FavActions.js": {"path":"/Users/andeladeveloper/Documents/mynewsfeedapp/src/views/templates/FavActions.js","statementMap":{"0":{"start":{"line":9,"column":4},"end":{"line":9,"column":11}},"1":{"start":{"line":10,"column":4},"end":{"line":10,"column":54}},"2":{"start":{"line":11,"column":4},"end":{"line":11,"column":45}},"3":{"start":{"line":12,"column":4},"end":{"line":12,"column":53}},"4":{"start":{"line":13,"column":4},"end":{"line":13,"column":45}},"5":{"start":{"line":16,"column":4},"end":{"line":16,"column":22}},"6":{"start":{"line":20,"column":4},"end":{"line":20,"column":36}},"7":{"start":{"line":24,"column":4},"end":{"line":24,"column":27}},"8":{"start":{"line":25,"column":25},"end":{"line":25,"column":35}},"9":{"start":{"line":26,"column":42},"end":{"line":26,"column":52}},"10":{"start":{"line":27,"column":4},"end":{"line":27,"column":91}},"11":{"start":{"line":28,"column":4},"end":{"line":30,"column":7}},"12":{"start":{"line":34,"column":4},"end":{"line":34,"column":22}},"13":{"start":{"line":37,"column":19},"end":{"line":37,"column":29}},"14":{"start":{"line":38,"column":24},"end":{"line":38,"column":58}},"15":{"start":{"line":39,"column":20},"end":{"line":39,"column":22}},"16":{"start":{"line":40,"column":4},"end":{"line":42,"column":6}},"17":{"start":{"line":41,"column":6},"end":{"line":41,"column":59}},"18":{"start":{"line":43,"column":4},"end":{"line":59,"column":6}}},"fnMap":{"0":{"name":"(anonymous_0)","decl":{"start":{"line":8,"column":2},"end":{"line":8,"column":3}},"loc":{"start":{"line":8,"column":16},"end":{"line":14,"column":3}},"line":8},"1":{"name":"(anonymous_1)","decl":{"start":{"line":15,"column":2},"end":{"line":15,"column":3}},"loc":{"start":{"line":15,"column":23},"end":{"line":17,"column":3}},"line":15},"2":{"name":"(anonymous_2)","decl":{"start":{"line":19,"column":2},"end":{"line":19,"column":3}},"loc":{"start":{"line":19,"column":31},"end":{"line":21,"column":3}},"line":19},"3":{"name":"(anonymous_3)","decl":{"start":{"line":23,"column":2},"end":{"line":23,"column":3}},"loc":{"start":{"line":23,"column":22},"end":{"line":31,"column":3}},"line":23},"4":{"name":"(anonymous_4)","decl":{"start":{"line":33,"column":2},"end":{"line":33,"column":3}},"loc":{"start":{"line":33,"column":13},"end":{"line":35,"column":3}},"line":33},"5":{"name":"(anonymous_5)","decl":{"start":{"line":36,"column":2},"end":{"line":36,"column":3}},"loc":{"start":{"line":36,"column":11},"end":{"line":60,"column":3}},"line":36},"6":{"name":"(anonymous_6)","decl":{"start":{"line":40,"column":24},"end":{"line":40,"column":25}},"loc":{"start":{"line":40,"column":34},"end":{"line":42,"column":5}},"line":40}},"branchMap":{"0":{"loc":{"start":{"line":27,"column":35},"end":{"line":27,"column":79}},"type":"cond-expr","locations":[{"start":{"line":27,"column":54},"end":{"line":27,"column":67}},{"start":{"line":27,"column":69},"end":{"line":27,"column":79}}],"line":27}},"s":{"0":0,"1":0,"2":0,"3":0,"4":0,"5":0,"6":0,"7":0,"8":0,"9":0,"10":0,"11":0,"12":0,"13":0,"14":0,"15":0,"16":0,"17":0,"18":0},"f":{"0":0,"1":0,"2":0,"3":0,"4":0,"5":0,"6":0},"b":{"0":[0,0]},"_coverageSchema":"332fd63041d2c1bcb487cc26dd0d5f7d97098a6c","hash":"d8e8bac2a87824901de37c348acf246e70b7946a"}
,"/Users/andeladeveloper/Documents/mynewsfeedapp/src/views/templates/SideBar.js": {"path":"/Users/andeladeveloper/Documents/mynewsfeedapp/src/views/templates/SideBar.js","statementMap":{"0":{"start":{"line":9,"column":4},"end":{"line":9,"column":12}},"1":{"start":{"line":10,"column":4},"end":{"line":12,"column":6}},"2":{"start":{"line":13,"column":4},"end":{"line":13,"column":45}},"3":{"start":{"line":14,"column":4},"end":{"line":14,"column":55}},"4":{"start":{"line":18,"column":4},"end":{"line":18,"column":53}},"5":{"start":{"line":22,"column":4},"end":{"line":22,"column":25}},"6":{"start":{"line":26,"column":4},"end":{"line":26,"column":53}},"7":{"start":{"line":30,"column":4},"end":{"line":30,"column":56}},"8":{"start":{"line":34,"column":27},"end":{"line":34,"column":37}},"9":{"start":{"line":35,"column":4},"end":{"line":65,"column":6}},"10":{"start":{"line":41,"column":14},"end":{"line":60,"column":15}},"11":{"start":{"line":48,"column":24},"end":{"line":55,"column":25}}},"fnMap":{"0":{"name":"(anonymous_0)","decl":{"start":{"line":8,"column":2},"end":{"line":8,"column":3}},"loc":{"start":{"line":8,"column":16},"end":{"line":15,"column":3}},"line":8},"1":{"name":"(anonymous_1)","decl":{"start":{"line":17,"column":2},"end":{"line":17,"column":3}},"loc":{"start":{"line":17,"column":22},"end":{"line":19,"column":3}},"line":17},"2":{"name":"(anonymous_2)","decl":{"start":{"line":21,"column":2},"end":{"line":21,"column":3}},"loc":{"start":{"line":21,"column":13},"end":{"line":23,"column":3}},"line":21},"3":{"name":"(anonymous_3)","decl":{"start":{"line":25,"column":2},"end":{"line":25,"column":3}},"loc":{"start":{"line":25,"column":18},"end":{"line":27,"column":3}},"line":25},"4":{"name":"(anonymous_4)","decl":{"start":{"line":29,"column":2},"end":{"line":29,"column":3}},"loc":{"start":{"line":29,"column":25},"end":{"line":31,"column":3}},"line":29},"5":{"name":"(anonymous_5)","decl":{"start":{"line":33,"column":2},"end":{"line":33,"column":3}},"loc":{"start":{"line":33,"column":11},"end":{"line":66,"column":3}},"line":33},"6":{"name":"(anonymous_6)","decl":{"start":{"line":40,"column":45},"end":{"line":40,"column":46}},"loc":{"start":{"line":40,"column":63},"end":{"line":61,"column":13}},"line":40},"7":{"name":"(anonymous_7)","decl":{"start":{"line":47,"column":56},"end":{"line":47,"column":57}},"loc":{"start":{"line":47,"column":68},"end":{"line":56,"column":23}},"line":47}},"branchMap":{},"s":{"0":0,"1":0,"2":0,"3":0,"4":0,"5":0,"6":0,"7":0,"8":0,"9":0,"10":0,"11":0},"f":{"0":0,"1":0,"2":0,"3":0,"4":0,"5":0,"6":0,"7":0},"b":{},"_coverageSchema":"332fd63041d2c1bcb487cc26dd0d5f7d97098a6c","hash":"9f5608fc248d25977fc015e7580ea70cd108b2d9"}
,"/Users/andeladeveloper/Documents/mynewsfeedapp/src/views/templates/SourceItem.js": {"path":"/Users/andeladeveloper/Documents/mynewsfeedapp/src/views/templates/SourceItem.js","statementMap":{"0":{"start":{"line":9,"column":4},"end":{"line":9,"column":12}},"1":{"start":{"line":10,"column":4},"end":{"line":12,"column":6}},"2":{"start":{"line":13,"column":4},"end":{"line":13,"column":45}},"3":{"start":{"line":14,"column":4},"end":{"line":14,"column":55}},"4":{"start":{"line":18,"column":4},"end":{"line":18,"column":53}},"5":{"start":{"line":22,"column":4},"end":{"line":22,"column":25}},"6":{"start":{"line":26,"column":4},"end":{"line":26,"column":53}},"7":{"start":{"line":30,"column":4},"end":{"line":30,"column":56}},"8":{"start":{"line":33,"column":23},"end":{"line":33,"column":33}},"9":{"start":{"line":34,"column":27},"end":{"line":34,"column":37}},"10":{"start":{"line":35,"column":4},"end":{"line":83,"column":6}},"11":{"start":{"line":48,"column":14},"end":{"line":78,"column":15}},"12":{"start":{"line":49,"column":16},"end":{"line":59,"column":18}},"13":{"start":{"line":61,"column":16},"end":{"line":77,"column":18}}},"fnMap":{"0":{"name":"(anonymous_0)","decl":{"start":{"line":8,"column":2},"end":{"line":8,"column":3}},"loc":{"start":{"line":8,"column":16},"end":{"line":15,"column":3}},"line":8},"1":{"name":"(anonymous_1)","decl":{"start":{"line":17,"column":2},"end":{"line":17,"column":3}},"loc":{"start":{"line":17,"column":22},"end":{"line":19,"column":3}},"line":17},"2":{"name":"(anonymous_2)","decl":{"start":{"line":21,"column":2},"end":{"line":21,"column":3}},"loc":{"start":{"line":21,"column":13},"end":{"line":23,"column":3}},"line":21},"3":{"name":"(anonymous_3)","decl":{"start":{"line":25,"column":2},"end":{"line":25,"column":3}},"loc":{"start":{"line":25,"column":18},"end":{"line":27,"column":3}},"line":25},"4":{"name":"(anonymous_4)","decl":{"start":{"line":29,"column":2},"end":{"line":29,"column":3}},"loc":{"start":{"line":29,"column":25},"end":{"line":31,"column":3}},"line":29},"5":{"name":"(anonymous_5)","decl":{"start":{"line":32,"column":2},"end":{"line":32,"column":3}},"loc":{"start":{"line":32,"column":11},"end":{"line":84,"column":3}},"line":32},"6":{"name":"(anonymous_6)","decl":{"start":{"line":47,"column":14},"end":{"line":47,"column":15}},"loc":{"start":{"line":47,"column":20},"end":{"line":79,"column":13}},"line":47}},"branchMap":{"0":{"loc":{"start":{"line":48,"column":14},"end":{"line":78,"column":15}},"type":"if","locations":[{"start":{"line":48,"column":14},"end":{"line":78,"column":15}},{"start":{"line":48,"column":14},"end":{"line":78,"column":15}}],"line":48}},"s":{"0":0,"1":0,"2":0,"3":0,"4":0,"5":0,"6":0,"7":0,"8":0,"9":0,"10":0,"11":0,"12":0,"13":0},"f":{"0":0,"1":0,"2":0,"3":0,"4":0,"5":0,"6":0},"b":{"0":[0,0]},"_coverageSchema":"332fd63041d2c1bcb487cc26dd0d5f7d97098a6c","hash":"3fe711d9b9c0908f85694b891e9ab21fc0a58121"}
}
