TN:
SF:/Users/andeladeveloper/Documents/mynewsfeedapp/src/index.js
FNF:0
FNH:0
DA:1,0
LF:1
LH:0
BRF:0
BRH:0
end_of_record
TN:
SF:/Users/andeladeveloper/Documents/mynewsfeedapp/src/actions/AppActions.js
FN:15,(anonymous_0)
FN:22,(anonymous_1)
FN:27,(anonymous_2)
FN:51,(anonymous_3)
FN:53,(anonymous_4)
FN:57,(anonymous_5)
FN:75,(anonymous_6)
FN:80,(anonymous_7)
FN:82,(anonymous_8)
FN:87,(anonymous_9)
FNF:10
FNH:2
FNDA:2,(anonymous_0)
FNDA:0,(anonymous_1)
FNDA:0,(anonymous_2)
FNDA:4,(anonymous_3)
FNDA:0,(anonymous_4)
FNDA:0,(anonymous_5)
FNDA:0,(anonymous_6)
FNDA:0,(anonymous_7)
FNDA:0,(anonymous_8)
FNDA:0,(anonymous_9)
DA:9,8
DA:16,2
DA:17,1
DA:18,1
DA:19,0
DA:22,1
DA:23,0
DA:24,0
DA:25,0
DA:26,0
DA:27,0
DA:28,0
DA:37,0
DA:43,1
DA:45,1
DA:52,4
DA:53,4
DA:54,0
DA:55,0
DA:56,0
DA:57,0
DA:58,0
DA:64,0
DA:76,0
DA:77,0
DA:78,0
DA:80,0
DA:81,0
DA:82,0
DA:83,0
DA:84,0
DA:85,0
DA:86,0
DA:87,0
DA:88,0
DA:97,0
LF:36
LH:9
BRDA:15,0,0,2
BRDA:16,1,0,1
BRDA:16,1,1,1
BRDA:18,2,0,0
BRDA:18,2,1,1
BRDA:25,3,0,0
BRDA:25,3,1,0
BRDA:54,4,0,0
BRDA:54,4,1,0
BRDA:85,5,0,0
BRDA:85,5,1,0
BRF:11
BRH:4
end_of_record
TN:
SF:/Users/andeladeveloper/Documents/mynewsfeedapp/src/constants/AppConstants.js
FNF:0
FNH:0
DA:2,10
LF:1
LH:1
BRF:0
BRH:0
end_of_record
TN:
SF:/Users/andeladeveloper/Documents/mynewsfeedapp/src/controllers/App.js
FN:15,(anonymous_0)
FN:21,(anonymous_1)
FNF:2
FNH:2
FNDA:2,(anonymous_0)
FNDA:2,(anonymous_1)
DA:16,2
DA:18,2
DA:23,2
DA:25,2
LF:4
LH:4
BRF:0
BRH:0
end_of_record
TN:
SF:/Users/andeladeveloper/Documents/mynewsfeedapp/src/dispatcher/AppDispatcher.js
FNF:0
FNH:0
DA:3,10
LF:1
LH:1
BRF:0
BRH:0
end_of_record
TN:
SF:/Users/andeladeveloper/Documents/mynewsfeedapp/src/models/API.js
FN:4,(anonymous_0)
FN:16,(anonymous_1)
FN:22,(anonymous_2)
FN:29,(anonymous_3)
FNF:4
FNH:4
FNDA:9,(anonymous_0)
FNDA:3,(anonymous_1)
FNDA:1,(anonymous_2)
FNDA:2,(anonymous_3)
DA:5,9
DA:6,9
DA:7,9
DA:17,3
DA:23,1
DA:30,2
LF:6
LH:6
BRF:0
BRH:0
end_of_record
TN:
SF:/Users/andeladeveloper/Documents/mynewsfeedapp/src/models/Collections.js
FN:12,(anonymous_0)
FN:29,(anonymous_1)
FN:32,(anonymous_2)
FN:42,(anonymous_3)
FN:50,(anonymous_4)
FN:58,(anonymous_5)
FN:68,(anonymous_6)
FN:81,(anonymous_7)
FN:93,(anonymous_8)
FN:95,(anonymous_9)
FN:105,(anonymous_10)
FN:111,(anonymous_11)
FNF:12
FNH:12
FNDA:18,(anonymous_0)
FNDA:4,(anonymous_1)
FNDA:2,(anonymous_2)
FNDA:14,(anonymous_3)
FNDA:12,(anonymous_4)
FNDA:7,(anonymous_5)
FNDA:7,(anonymous_6)
FNDA:2,(anonymous_7)
FNDA:9,(anonymous_8)
FNDA:14,(anonymous_9)
FNDA:17,(anonymous_10)
FNDA:1,(anonymous_11)
DA:13,18
DA:14,18
DA:15,18
DA:16,18
DA:18,0
DA:20,18
DA:21,4
DA:30,4
DA:31,4
DA:32,4
DA:33,2
DA:35,4
DA:43,14
DA:51,12
DA:59,7
DA:69,7
DA:70,6
DA:71,6
DA:72,6
DA:74,1
DA:82,2
DA:83,1
DA:84,1
DA:85,1
DA:87,1
DA:94,9
DA:95,9
DA:96,14
DA:98,9
DA:99,9
DA:106,17
DA:112,1
LF:32
LH:31
BRDA:16,0,0,0
BRDA:16,0,1,18
BRDA:20,1,0,4
BRDA:20,1,1,14
BRDA:69,2,0,6
BRDA:69,2,1,1
BRDA:82,3,0,1
BRDA:82,3,1,1
BRF:8
BRH:7
end_of_record
TN:
SF:/Users/andeladeveloper/Documents/mynewsfeedapp/src/models/Favourites.js
FN:11,(anonymous_0)
FN:22,(anonymous_1)
FN:41,(anonymous_2)
FN:43,(anonymous_3)
FN:52,(anonymous_4)
FN:56,(anonymous_5)
FN:69,(anonymous_6)
FN:87,(anonymous_7)
FN:90,(anonymous_8)
FNF:9
FNH:9
FNDA:18,(anonymous_0)
FNDA:3,(anonymous_1)
FNDA:5,(anonymous_2)
FNDA:3,(anonymous_3)
FNDA:3,(anonymous_4)
FNDA:1,(anonymous_5)
FNDA:2,(anonymous_6)
FNDA:4,(anonymous_7)
FNDA:4,(anonymous_8)
DA:12,18
DA:13,18
DA:23,3
DA:24,2
DA:25,1
DA:26,1
DA:27,1
DA:30,1
DA:31,1
DA:33,1
DA:42,5
DA:43,5
DA:44,5
DA:45,5
DA:54,3
DA:55,3
DA:56,3
DA:57,1
DA:58,1
DA:61,3
DA:70,2
DA:71,2
DA:72,2
DA:73,1
DA:74,1
DA:75,1
DA:78,1
DA:88,4
DA:89,4
DA:90,4
DA:91,4
DA:92,2
DA:94,4
DA:96,4
LF:34
LH:34
BRDA:23,0,0,2
BRDA:23,0,1,1
BRDA:24,1,0,1
BRDA:24,1,1,1
BRDA:57,2,0,1
BRDA:57,2,1,0
BRDA:70,3,0,2
BRDA:70,3,1,0
BRDA:72,4,0,1
BRDA:72,4,1,1
BRDA:91,5,0,2
BRDA:91,5,1,2
BRF:12
BRH:10
end_of_record
TN:
SF:/Users/andeladeveloper/Documents/mynewsfeedapp/src/models/news.js
FN:9,(anonymous_0)
FN:19,(anonymous_1)
FN:32,(anonymous_2)
FN:42,(anonymous_3)
FN:44,(anonymous_4)
FN:53,(anonymous_5)
FNF:6
FNH:6
FNDA:1,(anonymous_0)
FNDA:3,(anonymous_1)
FNDA:1,(anonymous_2)
FNDA:2,(anonymous_3)
FNDA:6,(anonymous_4)
FNDA:2,(anonymous_5)
DA:10,1
DA:20,3
DA:33,1
DA:43,2
DA:44,6
DA:45,2
DA:54,2
LF:7
LH:7
BRF:0
BRH:0
end_of_record
TN:
SF:/Users/andeladeveloper/Documents/mynewsfeedapp/src/models/sources.js
FN:13,(anonymous_0)
FN:26,(anonymous_1)
FN:42,(anonymous_2)
FN:44,(anonymous_3)
FN:53,(anonymous_4)
FN:62,(anonymous_5)
FNF:6
FNH:4
FNDA:5,(anonymous_0)
FNDA:2,(anonymous_1)
FNDA:0,(anonymous_2)
FNDA:0,(anonymous_3)
FNDA:1,(anonymous_4)
FNDA:1,(anonymous_5)
DA:14,5
DA:27,2
DA:43,0
DA:44,0
DA:45,0
DA:54,1
DA:63,1
LF:7
LH:4
BRF:0
BRH:0
end_of_record
TN:
SF:/Users/andeladeveloper/Documents/mynewsfeedapp/src/models/user.js
FN:14,(anonymous_0)
FN:28,(anonymous_1)
FN:37,(anonymous_2)
FN:50,(anonymous_3)
FN:62,(anonymous_4)
FN:77,(anonymous_5)
FN:89,(anonymous_6)
FNF:7
FNH:7
FNDA:13,(anonymous_0)
FNDA:34,(anonymous_1)
FNDA:17,(anonymous_2)
FNDA:2,(anonymous_3)
FNDA:4,(anonymous_4)
FNDA:2,(anonymous_5)
FNDA:18,(anonymous_6)
DA:15,13
DA:16,13
DA:17,13
DA:18,13
DA:19,13
DA:20,13
DA:29,34
DA:38,17
DA:39,4
DA:40,4
DA:41,4
DA:51,2
DA:52,2
DA:53,2
DA:63,4
DA:64,4
DA:65,4
DA:67,4
DA:68,4
DA:69,4
DA:78,2
DA:79,2
DA:80,2
DA:81,2
DA:90,18
LF:25
LH:25
BRDA:15,0,0,13
BRDA:15,0,1,0
BRDA:38,1,0,4
BRDA:38,1,1,13
BRDA:64,2,0,4
BRDA:64,2,1,0
BRF:6
BRH:4
end_of_record
TN:
SF:/Users/andeladeveloper/Documents/mynewsfeedapp/src/stores/FavouritesStore.js
FN:31,(anonymous_0)
FNF:1
FNH:1
FNDA:1,(anonymous_0)
DA:6,7
DA:12,7
DA:15,2
DA:19,1
DA:23,6
DA:27,0
DA:31,7
DA:32,1
DA:34,1
DA:35,1
DA:36,1
DA:38,0
DA:41,1
LF:13
LH:11
BRDA:32,0,0,1
BRDA:32,0,1,0
BRF:2
BRH:1
end_of_record
TN:
SF:/Users/andeladeveloper/Documents/mynewsfeedapp/src/stores/NewsSourcesStore.js
FN:28,(anonymous_0)
FNF:1
FNH:1
FNDA:1,(anonymous_0)
DA:6,6
DA:7,6
DA:10,7
DA:14,1
DA:18,4
DA:22,0
DA:28,6
DA:29,1
DA:31,1
DA:32,1
DA:33,1
DA:35,0
DA:38,1
LF:13
LH:11
BRDA:29,0,0,1
BRDA:29,0,1,0
BRF:2
BRH:1
end_of_record
TN:
SF:/Users/andeladeveloper/Documents/mynewsfeedapp/src/stores/NewsStore.js
FN:26,(anonymous_0)
FNF:1
FNH:1
FNDA:1,(anonymous_0)
DA:6,7
DA:7,7
DA:10,2
DA:14,1
DA:18,0
DA:22,0
DA:26,7
DA:27,1
DA:29,1
DA:30,1
DA:31,1
DA:33,0
DA:36,1
LF:13
LH:10
BRDA:27,0,0,1
BRDA:27,0,1,0
BRF:2
BRH:1
end_of_record
TN:
SF:/Users/andeladeveloper/Documents/mynewsfeedapp/src/views/ArticlesComponent.jsx
FN:15,(anonymous_0)
FN:19,(anonymous_1)
FN:31,(anonymous_2)
FN:46,(anonymous_3)
FN:52,(anonymous_4)
FN:57,(anonymous_5)
FN:61,(anonymous_6)
FN:69,(anonymous_7)
FN:73,(anonymous_8)
FN:77,(anonymous_9)
FN:81,(anonymous_10)
FN:109,(anonymous_11)
FNF:12
FNH:5
FNDA:1,(anonymous_0)
FNDA:2,(anonymous_1)
FNDA:1,(anonymous_2)
FNDA:1,(anonymous_3)
FNDA:0,(anonymous_4)
FNDA:0,(anonymous_5)
FNDA:0,(anonymous_6)
FNDA:0,(anonymous_7)
FNDA:0,(anonymous_8)
FNDA:0,(anonymous_9)
FNDA:1,(anonymous_10)
FNDA:0,(anonymous_11)
DA:15,5
DA:16,1
DA:17,1
DA:18,1
DA:19,1
DA:20,2
DA:25,2
DA:27,1
DA:32,1
DA:35,1
DA:41,1
DA:42,1
DA:43,1
DA:47,1
DA:49,1
DA:53,0
DA:58,0
DA:62,0
DA:70,0
DA:74,0
DA:78,0
DA:84,1
DA:89,1
DA:90,1
DA:92,1
DA:110,0
LF:26
LH:19
BRF:0
BRH:0
end_of_record
TN:
SF:/Users/andeladeveloper/Documents/mynewsfeedapp/src/views/BaseApp.js
FN:7,(anonymous_0)
FN:27,(anonymous_1)
FNF:2
FNH:2
FNDA:7,(anonymous_0)
FNDA:7,(anonymous_1)
DA:8,7
DA:11,7
DA:14,7
DA:16,7
DA:28,7
DA:29,7
LF:6
LH:6
BRDA:28,0,0,7
BRDA:28,0,1,0
BRF:2
BRH:1
end_of_record
TN:
SF:/Users/andeladeveloper/Documents/mynewsfeedapp/src/views/CollectionComponent.jsx
FN:25,(anonymous_0)
FN:38,(anonymous_1)
FN:44,(anonymous_2)
FN:48,(anonymous_3)
FN:56,(anonymous_4)
FN:60,(anonymous_5)
FNF:6
FNH:2
FNDA:1,(anonymous_0)
FNDA:0,(anonymous_1)
FNDA:0,(anonymous_2)
FNDA:0,(anonymous_3)
FNDA:0,(anonymous_4)
FNDA:1,(anonymous_5)
DA:15,5
DA:26,1
DA:28,1
DA:34,1
DA:35,1
DA:39,0
DA:40,0
DA:45,0
DA:49,0
DA:57,0
DA:63,1
DA:68,1
DA:70,1
LF:13
LH:8
BRF:0
BRH:0
end_of_record
TN:
SF:/Users/andeladeveloper/Documents/mynewsfeedapp/src/views/HomeComponent.jsx
FN:13,(anonymous_0)
FN:19,(anonymous_1)
FN:24,(anonymous_2)
FNF:3
FNH:2
FNDA:2,(anonymous_0)
FNDA:0,(anonymous_1)
FNDA:2,(anonymous_2)
DA:8,4
DA:14,2
DA:15,0
DA:20,0
DA:21,0
DA:25,2
LF:6
LH:3
BRDA:14,0,0,0
BRDA:14,0,1,2
BRF:2
BRH:1
end_of_record
TN:
SF:/Users/andeladeveloper/Documents/mynewsfeedapp/src/views/Logout.jsx
FN:5,(anonymous_0)
FN:14,(anonymous_1)
FNF:2
FNH:2
FNDA:1,(anonymous_0)
FNDA:1,(anonymous_1)
DA:6,1
DA:9,1
DA:10,1
DA:15,1
LF:4
LH:4
BRF:0
BRH:0
end_of_record
TN:
SF:/Users/andeladeveloper/Documents/mynewsfeedapp/src/views/SourcesComponent.jsx
FN:12,(anonymous_0)
FN:25,(anonymous_1)
FN:31,(anonymous_2)
FN:36,(anonymous_3)
FN:42,(anonymous_4)
FN:46,(anonymous_5)
FN:55,(anonymous_6)
FN:61,(anonymous_7)
FN:64,(anonymous_8)
FN:73,(anonymous_9)
FN:112,(anonymous_10)
FNF:11
FNH:4
FNDA:5,(anonymous_0)
FNDA:4,(anonymous_1)
FNDA:0,(anonymous_2)
FNDA:0,(anonymous_3)
FNDA:0,(anonymous_4)
FNDA:0,(anonymous_5)
FNDA:0,(anonymous_6)
FNDA:0,(anonymous_7)
FNDA:0,(anonymous_8)
FNDA:6,(anonymous_9)
FNDA:2,(anonymous_10)
DA:13,5
DA:15,5
DA:20,5
DA:21,5
DA:22,5
DA:26,4
DA:27,4
DA:32,0
DA:37,0
DA:43,0
DA:47,0
DA:56,0
DA:61,0
DA:62,0
DA:63,0
DA:64,0
DA:65,0
DA:69,0
DA:79,6
DA:84,6
DA:89,6
DA:113,2
LF:22
LH:11
BRDA:62,0,0,0
BRDA:62,0,1,0
BRF:2
BRH:0
end_of_record
TN:
SF:/Users/andeladeveloper/Documents/mynewsfeedapp/src/views/templates/AppBar.jsx
FN:5,(anonymous_0)
FNF:1
FNH:1
FNDA:5,(anonymous_0)
DA:6,5
LF:1
LH:1
BRF:0
BRH:0
end_of_record
TN:
SF:/Users/andeladeveloper/Documents/mynewsfeedapp/src/views/templates/Article.jsx
FN:20,(anonymous_0)
FNF:1
FNH:0
FNDA:0,(anonymous_0)
DA:13,5
DA:14,5
DA:15,5
DA:16,5
DA:17,5
DA:21,0
DA:23,0
LF:7
LH:5
BRF:0
BRH:0
end_of_record
TN:
SF:/Users/andeladeveloper/Documents/mynewsfeedapp/src/views/templates/FavActions.jsx
FN:8,(anonymous_0)
FN:17,(anonymous_1)
FN:21,(anonymous_2)
FN:34,(anonymous_3)
FN:40,(anonymous_4)
FNF:5
FNH:2
FNDA:4,(anonymous_0)
FNDA:0,(anonymous_1)
FNDA:0,(anonymous_2)
FNDA:4,(anonymous_3)
FNDA:0,(anonymous_4)
DA:9,4
DA:10,4
DA:13,4
DA:14,4
DA:18,0
DA:22,0
DA:23,0
DA:24,0
DA:26,0
DA:28,0
DA:35,4
DA:37,4
DA:38,4
DA:40,4
DA:41,0
DA:44,4
LF:16
LH:9
BRDA:26,0,0,0
BRDA:26,0,1,0
BRF:2
BRH:0
end_of_record
TN:
SF:/Users/andeladeveloper/Documents/mynewsfeedapp/src/views/templates/SideBar.jsx
FN:8,(anonymous_0)
FN:20,(anonymous_1)
FN:24,(anonymous_2)
FN:28,(anonymous_3)
FN:32,(anonymous_4)
FN:36,(anonymous_5)
FN:44,(anonymous_6)
FN:51,(anonymous_7)
FNF:8
FNH:3
FNDA:4,(anonymous_0)
FNDA:4,(anonymous_1)
FNDA:0,(anonymous_2)
FNDA:0,(anonymous_3)
FNDA:0,(anonymous_4)
FNDA:5,(anonymous_5)
FNDA:0,(anonymous_6)
FNDA:0,(anonymous_7)
DA:9,4
DA:11,4
DA:16,4
DA:17,4
DA:21,4
DA:25,0
DA:29,0
DA:33,0
DA:37,5
DA:39,5
DA:45,0
DA:52,0
LF:12
LH:7
BRF:0
BRH:0
end_of_record
TN:
SF:/Users/andeladeveloper/Documents/mynewsfeedapp/src/views/templates/Source.jsx
FN:8,(anonymous_0)
FN:17,(anonymous_1)
FN:21,(anonymous_2)
FN:25,(anonymous_3)
FN:29,(anonymous_4)
FN:32,(anonymous_5)
FN:47,(anonymous_6)
FNF:7
FNH:4
FNDA:2,(anonymous_0)
FNDA:2,(anonymous_1)
FNDA:0,(anonymous_2)
FNDA:0,(anonymous_3)
FNDA:0,(anonymous_4)
FNDA:2,(anonymous_5)
FNDA:2,(anonymous_6)
DA:9,2
DA:10,2
DA:13,2
DA:14,2
DA:18,2
DA:22,0
DA:26,0
DA:30,0
DA:33,2
DA:34,2
DA:35,2
DA:48,2
DA:49,0
DA:61,2
LF:14
LH:10
BRDA:48,0,0,0
BRDA:48,0,1,2
BRF:2
BRH:1
end_of_record
